{"/Users/esra/projects/programming/boba-frontend/utils/thread-utils.ts": {"path":"/Users/esra/projects/programming/boba-frontend/utils/thread-utils.ts","statementMap":{"0":{"start":{"line":1,"column":0},"end":{"line":1,"column":26}},"1":{"start":{"line":2,"column":0},"end":{"line":2,"column":41}},"2":{"start":{"line":10,"column":12},"end":{"line":10,"column":46}},"3":{"start":{"line":12,"column":13},"end":{"line":12,"column":51}},"4":{"start":{"line":14,"column":13},"end":{"line":48,"column":2}},"5":{"start":{"line":19,"column":2},"end":{"line":19,"column":51}},"6":{"start":{"line":20,"column":17},"end":{"line":24,"column":4}},"7":{"start":{"line":25,"column":2},"end":{"line":27,"column":null}},"8":{"start":{"line":26,"column":4},"end":{"line":26,"column":18}},"9":{"start":{"line":28,"column":2},"end":{"line":43,"column":5}},"10":{"start":{"line":29,"column":4},"end":{"line":32,"column":null}},"11":{"start":{"line":30,"column":6},"end":{"line":30,"column":33}},"12":{"start":{"line":31,"column":6},"end":{"line":31,"column":13}},"13":{"start":{"line":33,"column":4},"end":{"line":39,"column":null}},"14":{"start":{"line":34,"column":6},"end":{"line":38,"column":9}},"15":{"start":{"line":40,"column":4},"end":{"line":42,"column":null}},"16":{"start":{"line":41,"column":6},"end":{"line":41,"column":64}},"17":{"start":{"line":45,"column":2},"end":{"line":45,"column":31}},"18":{"start":{"line":46,"column":2},"end":{"line":46,"column":14}},"19":{"start":{"line":47,"column":2},"end":{"line":47,"column":16}},"20":{"start":{"line":54,"column":13},"end":{"line":117,"column":2}},"21":{"start":{"line":62,"column":2},"end":{"line":62,"column":52}},"22":{"start":{"line":63,"column":2},"end":{"line":69,"column":null}},"23":{"start":{"line":64,"column":4},"end":{"line":68,"column":6}},"24":{"start":{"line":70,"column":30},"end":{"line":70,"column":34}},"25":{"start":{"line":71,"column":28},"end":{"line":71,"column":65}},"26":{"start":{"line":72,"column":43},"end":{"line":72,"column":45}},"27":{"start":{"line":76,"column":2},"end":{"line":98,"column":5}},"28":{"start":{"line":77,"column":4},"end":{"line":80,"column":null}},"29":{"start":{"line":78,"column":6},"end":{"line":78,"column":18}},"30":{"start":{"line":79,"column":6},"end":{"line":79,"column":13}},"31":{"start":{"line":83,"column":23},"end":{"line":84,"column":null}},"32":{"start":{"line":84,"column":21},"end":{"line":84,"column":null}},"33":{"start":{"line":87,"column":6},"end":{"line":88,"column":10}},"34":{"start":{"line":87,"column":32},"end":{"line":87,"column":77}},"35":{"start":{"line":89,"column":4},"end":{"line":97,"column":7}},"36":{"start":{"line":100,"column":2},"end":{"line":114,"column":null}},"37":{"start":{"line":101,"column":36},"end":{"line":101,"column":42}},"38":{"start":{"line":102,"column":4},"end":{"line":113,"column":null}},"39":{"start":{"line":103,"column":26},"end":{"line":103,"column":55}},"40":{"start":{"line":104,"column":6},"end":{"line":104,"column":45}},"41":{"start":{"line":106,"column":20},"end":{"line":106,"column":74}},"42":{"start":{"line":107,"column":6},"end":{"line":109,"column":null}},"43":{"start":{"line":108,"column":8},"end":{"line":108,"column":17}},"44":{"start":{"line":110,"column":6},"end":{"line":112,"column":null}},"45":{"start":{"line":110,"column":19},"end":{"line":110,"column":38}},"46":{"start":{"line":111,"column":8},"end":{"line":111,"column":38}},"47":{"start":{"line":116,"column":2},"end":{"line":116,"column":59}},"48":{"start":{"line":119,"column":13},"end":{"line":132,"column":2}},"49":{"start":{"line":123,"column":14},"end":{"line":123,"column":15}},"50":{"start":{"line":124,"column":10},"end":{"line":124,"column":48}},"51":{"start":{"line":125,"column":2},"end":{"line":130,"column":null}},"52":{"start":{"line":126,"column":4},"end":{"line":126,"column":25}},"53":{"start":{"line":127,"column":4},"end":{"line":129,"column":6}},"54":{"start":{"line":128,"column":27},"end":{"line":128,"column":null}},"55":{"start":{"line":131,"column":2},"end":{"line":131,"column":15}},"56":{"start":{"line":134,"column":13},"end":{"line":150,"column":2}},"57":{"start":{"line":138,"column":14},"end":{"line":138,"column":15}},"58":{"start":{"line":139,"column":10},"end":{"line":139,"column":48}},"59":{"start":{"line":140,"column":2},"end":{"line":148,"column":null}},"60":{"start":{"line":141,"column":4},"end":{"line":144,"column":6}},"61":{"start":{"line":142,"column":41},"end":{"line":142,"column":null}},"62":{"start":{"line":145,"column":4},"end":{"line":147,"column":6}},"63":{"start":{"line":146,"column":27},"end":{"line":146,"column":null}},"64":{"start":{"line":149,"column":2},"end":{"line":149,"column":15}},"65":{"start":{"line":152,"column":13},"end":{"line":156,"column":2}},"66":{"start":{"line":153,"column":2},"end":{"line":155,"column":16}},"67":{"start":{"line":154,"column":37},"end":{"line":154,"column":61}},"68":{"start":{"line":158,"column":13},"end":{"line":201,"column":2}},"69":{"start":{"line":166,"column":2},"end":{"line":166,"column":34}},"70":{"start":{"line":167,"column":2},"end":{"line":172,"column":null}},"71":{"start":{"line":168,"column":4},"end":{"line":171,"column":6}},"72":{"start":{"line":173,"column":27},"end":{"line":174,"column":null}},"73":{"start":{"line":174,"column":18},"end":{"line":174,"column":null}},"74":{"start":{"line":176,"column":2},"end":{"line":176,"column":24}},"75":{"start":{"line":177,"column":2},"end":{"line":177,"column":24}},"76":{"start":{"line":180,"column":21},"end":{"line":180,"column":47}},"77":{"start":{"line":181,"column":2},"end":{"line":181,"column":79}},"78":{"start":{"line":182,"column":31},"end":{"line":182,"column":null}},"79":{"start":{"line":186,"column":2},"end":{"line":196,"column":5}},"80":{"start":{"line":187,"column":27},"end":{"line":188,"column":null}},"81":{"start":{"line":188,"column":6},"end":{"line":188,"column":null}},"82":{"start":{"line":190,"column":4},"end":{"line":195,"column":null}},"83":{"start":{"line":191,"column":6},"end":{"line":194,"column":9}},"84":{"start":{"line":197,"column":2},"end":{"line":200,"column":4}},"85":{"start":{"line":203,"column":30},"end":{"line":252,"column":1}},"86":{"start":{"line":212,"column":2},"end":{"line":214,"column":null}},"87":{"start":{"line":213,"column":4},"end":{"line":213,"column":50}},"88":{"start":{"line":215,"column":16},"end":{"line":215,"column":63}},"89":{"start":{"line":216,"column":2},"end":{"line":239,"column":null}},"90":{"start":{"line":218,"column":6},"end":{"line":222,"column":null}},"91":{"start":{"line":220,"column":8},"end":{"line":222,"column":null}},"92":{"start":{"line":221,"column":30},"end":{"line":221,"column":null}},"93":{"start":{"line":225,"column":6},"end":{"line":226,"column":79}},"94":{"start":{"line":226,"column":42},"end":{"line":226,"column":79}},"95":{"start":{"line":228,"column":21},"end":{"line":228,"column":66}},"96":{"start":{"line":229,"column":4},"end":{"line":229,"column":26}},"97":{"start":{"line":230,"column":4},"end":{"line":236,"column":6}},"98":{"start":{"line":237,"column":4},"end":{"line":237,"column":51}},"99":{"start":{"line":238,"column":4},"end":{"line":238,"column":20}},"100":{"start":{"line":240,"column":28},"end":{"line":240,"column":33}},"101":{"start":{"line":241,"column":2},"end":{"line":249,"column":5}},"102":{"start":{"line":242,"column":24},"end":{"line":246,"column":null}},"103":{"start":{"line":248,"column":4},"end":{"line":248,"column":61}},"104":{"start":{"line":250,"column":2},"end":{"line":250,"column":51}},"105":{"start":{"line":251,"column":2},"end":{"line":251,"column":29}},"106":{"start":{"line":254,"column":13},"end":{"line":295,"column":2}},"107":{"start":{"line":255,"column":10},"end":{"line":255,"column":null}},"108":{"start":{"line":256,"column":13},"end":{"line":256,"column":null}},"109":{"start":{"line":257,"column":9},"end":{"line":257,"column":null}},"110":{"start":{"line":266,"column":21},"end":{"line":269,"column":4}},"111":{"start":{"line":270,"column":2},"end":{"line":275,"column":null}},"112":{"start":{"line":271,"column":4},"end":{"line":273,"column":6}},"113":{"start":{"line":274,"column":4},"end":{"line":274,"column":17}},"114":{"start":{"line":276,"column":22},"end":{"line":277,"column":null}},"115":{"start":{"line":277,"column":14},"end":{"line":277,"column":null}},"116":{"start":{"line":279,"column":2},"end":{"line":279,"column":53}},"117":{"start":{"line":280,"column":2},"end":{"line":282,"column":null}},"118":{"start":{"line":281,"column":4},"end":{"line":281,"column":17}},"119":{"start":{"line":283,"column":2},"end":{"line":290,"column":4}},"120":{"start":{"line":291,"column":2},"end":{"line":293,"column":6}},"121":{"start":{"line":291,"column":62},"end":{"line":293,"column":5}},"122":{"start":{"line":294,"column":2},"end":{"line":294,"column":14}},"123":{"start":{"line":297,"column":13},"end":{"line":319,"column":2}},"124":{"start":{"line":298,"column":10},"end":{"line":298,"column":null}},"125":{"start":{"line":299,"column":6},"end":{"line":299,"column":null}},"126":{"start":{"line":304,"column":21},"end":{"line":307,"column":4}},"127":{"start":{"line":308,"column":2},"end":{"line":313,"column":null}},"128":{"start":{"line":309,"column":4},"end":{"line":311,"column":6}},"129":{"start":{"line":312,"column":4},"end":{"line":312,"column":17}},"130":{"start":{"line":314,"column":2},"end":{"line":314,"column":49}},"131":{"start":{"line":315,"column":2},"end":{"line":317,"column":6}},"132":{"start":{"line":315,"column":62},"end":{"line":317,"column":5}},"133":{"start":{"line":318,"column":2},"end":{"line":318,"column":14}},"134":{"start":{"line":321,"column":13},"end":{"line":347,"column":2}},"135":{"start":{"line":322,"column":6},"end":{"line":322,"column":null}},"136":{"start":{"line":323,"column":10},"end":{"line":323,"column":null}},"137":{"start":{"line":330,"column":18},"end":{"line":330,"column":74}},"138":{"start":{"line":331,"column":2},"end":{"line":334,"column":null}},"139":{"start":{"line":332,"column":4},"end":{"line":332,"column":48}},"140":{"start":{"line":333,"column":4},"end":{"line":333,"column":21}},"141":{"start":{"line":335,"column":2},"end":{"line":335,"column":61}},"142":{"start":{"line":336,"column":2},"end":{"line":336,"column":17}},"143":{"start":{"line":337,"column":17},"end":{"line":339,"column":50}},"144":{"start":{"line":338,"column":23},"end":{"line":338,"column":37}},"145":{"start":{"line":339,"column":22},"end":{"line":339,"column":50}},"146":{"start":{"line":340,"column":2},"end":{"line":342,"column":null}},"147":{"start":{"line":341,"column":4},"end":{"line":341,"column":21}},"148":{"start":{"line":344,"column":2},"end":{"line":344,"column":23}},"149":{"start":{"line":345,"column":2},"end":{"line":345,"column":14}},"150":{"start":{"line":346,"column":2},"end":{"line":346,"column":31}},"151":{"start":{"line":349,"column":13},"end":{"line":378,"column":2}},"152":{"start":{"line":350,"column":10},"end":{"line":350,"column":null}},"153":{"start":{"line":351,"column":6},"end":{"line":351,"column":null}},"154":{"start":{"line":356,"column":23},"end":{"line":356,"column":64}},"155":{"start":{"line":357,"column":2},"end":{"line":377,"column":null}},"156":{"start":{"line":358,"column":4},"end":{"line":358,"column":34}},"157":{"start":{"line":359,"column":4},"end":{"line":359,"column":29}},"158":{"start":{"line":360,"column":4},"end":{"line":360,"column":38}},"159":{"start":{"line":361,"column":4},"end":{"line":361,"column":46}},"160":{"start":{"line":362,"column":4},"end":{"line":362,"column":43}},"161":{"start":{"line":364,"column":4},"end":{"line":371,"column":7}},"162":{"start":{"line":365,"column":6},"end":{"line":365,"column":25}},"163":{"start":{"line":366,"column":6},"end":{"line":366,"column":33}},"164":{"start":{"line":367,"column":6},"end":{"line":367,"column":30}},"165":{"start":{"line":368,"column":6},"end":{"line":370,"column":9}},"166":{"start":{"line":369,"column":8},"end":{"line":369,"column":30}},"167":{"start":{"line":373,"column":4},"end":{"line":376,"column":6}}},"fnMap":{"0":{"name":"(anonymous_4)","decl":{"start":{"line":14,"column":32},"end":{"line":14,"column":null}},"loc":{"start":{"line":17,"column":16},"end":{"line":48,"column":1}}},"1":{"name":"(anonymous_5)","decl":{"start":{"line":28,"column":19},"end":{"line":28,"column":20}},"loc":{"start":{"line":28,"column":27},"end":{"line":43,"column":3}}},"2":{"name":"(anonymous_6)","decl":{"start":{"line":54,"column":29},"end":{"line":54,"column":null}},"loc":{"start":{"line":56,"column":18},"end":{"line":117,"column":1}}},"3":{"name":"(anonymous_7)","decl":{"start":{"line":76,"column":16},"end":{"line":76,"column":17}},"loc":{"start":{"line":76,"column":21},"end":{"line":98,"column":3}}},"4":{"name":"(anonymous_8)","decl":{"start":{"line":84,"column":6},"end":{"line":84,"column":7}},"loc":{"start":{"line":84,"column":16},"end":{"line":84,"column":30}}},"5":{"name":"(anonymous_9)","decl":{"start":{"line":87,"column":17},"end":{"line":87,"column":18}},"loc":{"start":{"line":87,"column":27},"end":{"line":87,"column":41}}},"6":{"name":"(anonymous_10)","decl":{"start":{"line":119,"column":37},"end":{"line":119,"column":null}},"loc":{"start":{"line":121,"column":74},"end":{"line":132,"column":1}}},"7":{"name":"(anonymous_11)","decl":{"start":{"line":128,"column":6},"end":{"line":128,"column":7}},"loc":{"start":{"line":128,"column":22},"end":{"line":128,"column":null}}},"8":{"name":"(anonymous_12)","decl":{"start":{"line":134,"column":40},"end":{"line":134,"column":null}},"loc":{"start":{"line":136,"column":74},"end":{"line":150,"column":1}}},"9":{"name":"(anonymous_13)","decl":{"start":{"line":142,"column":6},"end":{"line":142,"column":7}},"loc":{"start":{"line":142,"column":36},"end":{"line":142,"column":46}}},"10":{"name":"(anonymous_14)","decl":{"start":{"line":146,"column":6},"end":{"line":146,"column":7}},"loc":{"start":{"line":146,"column":22},"end":{"line":146,"column":null}}},"11":{"name":"(anonymous_15)","decl":{"start":{"line":152,"column":33},"end":{"line":152,"column":34}},"loc":{"start":{"line":152,"column":63},"end":{"line":156,"column":1}}},"12":{"name":"(anonymous_16)","decl":{"start":{"line":154,"column":27},"end":{"line":154,"column":28}},"loc":{"start":{"line":154,"column":32},"end":{"line":154,"column":41}}},"13":{"name":"(anonymous_17)","decl":{"start":{"line":158,"column":37},"end":{"line":158,"column":null}},"loc":{"start":{"line":164,"column":55},"end":{"line":201,"column":1}}},"14":{"name":"(anonymous_18)","decl":{"start":{"line":174,"column":4},"end":{"line":174,"column":5}},"loc":{"start":{"line":174,"column":13},"end":{"line":174,"column":26}}},"15":{"name":"(anonymous_19)","decl":{"start":{"line":186,"column":28},"end":{"line":186,"column":29}},"loc":{"start":{"line":186,"column":50},"end":{"line":196,"column":3}}},"16":{"name":"(anonymous_20)","decl":{"start":{"line":187,"column":58},"end":{"line":187,"column":59}},"loc":{"start":{"line":187,"column":64},"end":{"line":188,"column":16}}},"17":{"name":"(anonymous_21)","decl":{"start":{"line":203,"column":30},"end":{"line":203,"column":null}},"loc":{"start":{"line":210,"column":34},"end":{"line":252,"column":1}}},"18":{"name":"(anonymous_22)","decl":{"start":{"line":219,"column":34},"end":{"line":219,"column":35}},"loc":{"start":{"line":219,"column":43},"end":{"line":220,"column":24}}},"19":{"name":"(anonymous_23)","decl":{"start":{"line":221,"column":10},"end":{"line":221,"column":11}},"loc":{"start":{"line":221,"column":25},"end":{"line":221,"column":38}}},"20":{"name":"(anonymous_24)","decl":{"start":{"line":226,"column":28},"end":{"line":226,"column":29}},"loc":{"start":{"line":226,"column":37},"end":{"line":226,"column":50}}},"21":{"name":"(anonymous_25)","decl":{"start":{"line":241,"column":19},"end":{"line":241,"column":20}},"loc":{"start":{"line":241,"column":25},"end":{"line":249,"column":3}}},"22":{"name":"(anonymous_26)","decl":{"start":{"line":254,"column":34},"end":{"line":254,"column":35}},"loc":{"start":{"line":265,"column":1},"end":{"line":295,"column":1}}},"23":{"name":"(anonymous_27)","decl":{"start":{"line":277,"column":4},"end":{"line":277,"column":5}},"loc":{"start":{"line":277,"column":9},"end":{"line":277,"column":18}}},"24":{"name":"(anonymous_28)","decl":{"start":{"line":291,"column":56},"end":{"line":291,"column":62}},"loc":{"start":{"line":291,"column":56},"end":{"line":291,"column":null}}},"25":{"name":"(anonymous_29)","decl":{"start":{"line":297,"column":31},"end":{"line":297,"column":32}},"loc":{"start":{"line":303,"column":1},"end":{"line":319,"column":1}}},"26":{"name":"(anonymous_30)","decl":{"start":{"line":315,"column":56},"end":{"line":315,"column":62}},"loc":{"start":{"line":315,"column":56},"end":{"line":315,"column":null}}},"27":{"name":"(anonymous_31)","decl":{"start":{"line":321,"column":37},"end":{"line":321,"column":38}},"loc":{"start":{"line":327,"column":1},"end":{"line":347,"column":1}}},"28":{"name":"(anonymous_32)","decl":{"start":{"line":338,"column":13},"end":{"line":338,"column":14}},"loc":{"start":{"line":338,"column":18},"end":{"line":338,"column":27}}},"29":{"name":"(anonymous_33)","decl":{"start":{"line":339,"column":10},"end":{"line":339,"column":11}},"loc":{"start":{"line":339,"column":17},"end":{"line":339,"column":28}}},"30":{"name":"(anonymous_34)","decl":{"start":{"line":349,"column":37},"end":{"line":349,"column":38}},"loc":{"start":{"line":355,"column":1},"end":{"line":378,"column":1}}},"31":{"name":"(anonymous_35)","decl":{"start":{"line":364,"column":38},"end":{"line":364,"column":39}},"loc":{"start":{"line":364,"column":43},"end":{"line":371,"column":5}}},"32":{"name":"(anonymous_36)","decl":{"start":{"line":368,"column":29},"end":{"line":368,"column":30}},"loc":{"start":{"line":368,"column":37},"end":{"line":370,"column":7}}}},"branchMap":{"0":{"loc":{"start":{"line":25,"column":2},"end":{"line":27,"column":null}},"type":"if","locations":[{"start":{"line":25,"column":2},"end":{"line":27,"column":null}},{"start":{"line":25,"column":2},"end":{"line":27,"column":null}}]},"1":{"loc":{"start":{"line":29,"column":4},"end":{"line":32,"column":null}},"type":"if","locations":[{"start":{"line":29,"column":4},"end":{"line":32,"column":null}},{"start":{"line":29,"column":4},"end":{"line":32,"column":null}}]},"2":{"loc":{"start":{"line":29,"column":8},"end":{"line":29,"column":50}},"type":"binary-expr","locations":[{"start":{"line":29,"column":8},"end":{"line":29,"column":50}},{"start":{"line":29,"column":54},"end":{"line":29,"column":76}}]},"3":{"loc":{"start":{"line":33,"column":4},"end":{"line":39,"column":null}},"type":"if","locations":[{"start":{"line":33,"column":4},"end":{"line":39,"column":null}},{"start":{"line":33,"column":4},"end":{"line":39,"column":null}}]},"4":{"loc":{"start":{"line":35,"column":12},"end":{"line":35,"column":65}},"type":"binary-expr","locations":[{"start":{"line":35,"column":12},"end":{"line":35,"column":65}},{"start":{"line":36,"column":11},"end":{"line":36,"column":31}}]},"5":{"loc":{"start":{"line":40,"column":4},"end":{"line":42,"column":null}},"type":"if","locations":[{"start":{"line":40,"column":4},"end":{"line":42,"column":null}},{"start":{"line":40,"column":4},"end":{"line":42,"column":null}}]},"6":{"loc":{"start":{"line":63,"column":2},"end":{"line":69,"column":null}},"type":"if","locations":[{"start":{"line":63,"column":2},"end":{"line":69,"column":null}},{"start":{"line":63,"column":2},"end":{"line":69,"column":null}}]},"7":{"loc":{"start":{"line":77,"column":4},"end":{"line":80,"column":null}},"type":"if","locations":[{"start":{"line":77,"column":4},"end":{"line":80,"column":null}},{"start":{"line":77,"column":4},"end":{"line":80,"column":null}}]},"8":{"loc":{"start":{"line":87,"column":6},"end":{"line":87,"column":77}},"type":"binary-expr","locations":[{"start":{"line":87,"column":6},"end":{"line":87,"column":77}},{"start":{"line":88,"column":6},"end":{"line":88,"column":10}}]},"9":{"loc":{"start":{"line":87,"column":62},"end":{"line":87,"column":64}},"type":"cond-expr","locations":[{"start":{"line":87,"column":62},"end":{"line":87,"column":64}},{"start":{"line":87,"column":52},"end":{"line":87,"column":76}}]},"10":{"loc":{"start":{"line":87,"column":52},"end":{"line":87,"column":64}},"type":"binary-expr","locations":[{"start":{"line":87,"column":52},"end":{"line":87,"column":64}},{"start":{"line":87,"column":52},"end":{"line":87,"column":64}}]},"11":{"loc":{"start":{"line":93,"column":12},"end":{"line":93,"column":62}},"type":"binary-expr","locations":[{"start":{"line":93,"column":12},"end":{"line":93,"column":62}},{"start":{"line":94,"column":11},"end":{"line":94,"column":28}}]},"12":{"loc":{"start":{"line":93,"column":52},"end":{"line":93,"column":54}},"type":"cond-expr","locations":[{"start":{"line":93,"column":52},"end":{"line":93,"column":54}},{"start":{"line":93,"column":52},"end":{"line":93,"column":62}}]},"13":{"loc":{"start":{"line":93,"column":12},"end":{"line":93,"column":54}},"type":"binary-expr","locations":[{"start":{"line":93,"column":12},"end":{"line":93,"column":54}},{"start":{"line":93,"column":52},"end":{"line":93,"column":54}}]},"14":{"loc":{"start":{"line":100,"column":2},"end":{"line":114,"column":null}},"type":"if","locations":[{"start":{"line":100,"column":2},"end":{"line":114,"column":null}},{"start":{"line":100,"column":2},"end":{"line":114,"column":null}}]},"15":{"loc":{"start":{"line":106,"column":64},"end":{"line":106,"column":66}},"type":"cond-expr","locations":[{"start":{"line":106,"column":64},"end":{"line":106,"column":66}},{"start":{"line":106,"column":64},"end":{"line":106,"column":74}}]},"16":{"loc":{"start":{"line":106,"column":20},"end":{"line":106,"column":66}},"type":"binary-expr","locations":[{"start":{"line":106,"column":20},"end":{"line":106,"column":66}},{"start":{"line":106,"column":64},"end":{"line":106,"column":66}}]},"17":{"loc":{"start":{"line":107,"column":6},"end":{"line":109,"column":null}},"type":"if","locations":[{"start":{"line":107,"column":6},"end":{"line":109,"column":null}},{"start":{"line":107,"column":6},"end":{"line":109,"column":null}}]},"18":{"loc":{"start":{"line":124,"column":38},"end":{"line":124,"column":40}},"type":"cond-expr","locations":[{"start":{"line":124,"column":38},"end":{"line":124,"column":40}},{"start":{"line":124,"column":38},"end":{"line":124,"column":48}}]},"19":{"loc":{"start":{"line":124,"column":10},"end":{"line":124,"column":40}},"type":"binary-expr","locations":[{"start":{"line":124,"column":10},"end":{"line":124,"column":40}},{"start":{"line":124,"column":38},"end":{"line":124,"column":40}}]},"20":{"loc":{"start":{"line":125,"column":9},"end":{"line":125,"column":13}},"type":"binary-expr","locations":[{"start":{"line":125,"column":9},"end":{"line":125,"column":13}},{"start":{"line":125,"column":17},"end":{"line":125,"column":32}}]},"21":{"loc":{"start":{"line":128,"column":28},"end":{"line":128,"column":33}},"type":"binary-expr","locations":[{"start":{"line":128,"column":28},"end":{"line":128,"column":33}},{"start":{"line":128,"column":33},"end":{"line":128,"column":73}},{"start":{"line":128,"column":78},"end":{"line":128,"column":80}}]},"22":{"loc":{"start":{"line":128,"column":63},"end":{"line":128,"column":65}},"type":"cond-expr","locations":[{"start":{"line":128,"column":63},"end":{"line":128,"column":65}},{"start":{"line":128,"column":63},"end":{"line":128,"column":73}}]},"23":{"loc":{"start":{"line":128,"column":33},"end":{"line":128,"column":65}},"type":"binary-expr","locations":[{"start":{"line":128,"column":33},"end":{"line":128,"column":65}},{"start":{"line":128,"column":63},"end":{"line":128,"column":65}}]},"24":{"loc":{"start":{"line":139,"column":38},"end":{"line":139,"column":40}},"type":"cond-expr","locations":[{"start":{"line":139,"column":38},"end":{"line":139,"column":40}},{"start":{"line":139,"column":38},"end":{"line":139,"column":48}}]},"25":{"loc":{"start":{"line":139,"column":10},"end":{"line":139,"column":40}},"type":"binary-expr","locations":[{"start":{"line":139,"column":10},"end":{"line":139,"column":40}},{"start":{"line":139,"column":38},"end":{"line":139,"column":40}}]},"26":{"loc":{"start":{"line":140,"column":9},"end":{"line":140,"column":13}},"type":"binary-expr","locations":[{"start":{"line":140,"column":9},"end":{"line":140,"column":13}},{"start":{"line":140,"column":17},"end":{"line":140,"column":32}}]},"27":{"loc":{"start":{"line":142,"column":63},"end":{"line":142,"column":64}},"type":"cond-expr","locations":[{"start":{"line":142,"column":63},"end":{"line":142,"column":64}},{"start":{"line":142,"column":67},"end":{"line":142,"column":68}}]},"28":{"loc":{"start":{"line":146,"column":28},"end":{"line":146,"column":33}},"type":"binary-expr","locations":[{"start":{"line":146,"column":28},"end":{"line":146,"column":33}},{"start":{"line":146,"column":33},"end":{"line":146,"column":73}},{"start":{"line":146,"column":78},"end":{"line":146,"column":80}}]},"29":{"loc":{"start":{"line":146,"column":63},"end":{"line":146,"column":65}},"type":"cond-expr","locations":[{"start":{"line":146,"column":63},"end":{"line":146,"column":65}},{"start":{"line":146,"column":63},"end":{"line":146,"column":73}}]},"30":{"loc":{"start":{"line":146,"column":33},"end":{"line":146,"column":65}},"type":"binary-expr","locations":[{"start":{"line":146,"column":33},"end":{"line":146,"column":65}},{"start":{"line":146,"column":63},"end":{"line":146,"column":65}}]},"31":{"loc":{"start":{"line":154,"column":17},"end":{"line":154,"column":19}},"type":"cond-expr","locations":[{"start":{"line":154,"column":17},"end":{"line":154,"column":19}},{"start":{"line":154,"column":12},"end":{"line":154,"column":61}}]},"32":{"loc":{"start":{"line":154,"column":12},"end":{"line":154,"column":19}},"type":"binary-expr","locations":[{"start":{"line":154,"column":12},"end":{"line":154,"column":19}},{"start":{"line":154,"column":12},"end":{"line":154,"column":19}}]},"33":{"loc":{"start":{"line":167,"column":2},"end":{"line":172,"column":null}},"type":"if","locations":[{"start":{"line":167,"column":2},"end":{"line":172,"column":null}},{"start":{"line":167,"column":2},"end":{"line":172,"column":null}}]},"34":{"loc":{"start":{"line":187,"column":40},"end":{"line":187,"column":42}},"type":"cond-expr","locations":[{"start":{"line":187,"column":40},"end":{"line":187,"column":42}},{"start":{"line":187,"column":27},"end":{"line":188,"column":null}}]},"35":{"loc":{"start":{"line":187,"column":27},"end":{"line":187,"column":42}},"type":"binary-expr","locations":[{"start":{"line":187,"column":27},"end":{"line":187,"column":42}},{"start":{"line":187,"column":27},"end":{"line":187,"column":42}}]},"36":{"loc":{"start":{"line":190,"column":4},"end":{"line":195,"column":null}},"type":"if","locations":[{"start":{"line":190,"column":4},"end":{"line":195,"column":null}},{"start":{"line":190,"column":4},"end":{"line":195,"column":null}}]},"37":{"loc":{"start":{"line":190,"column":8},"end":{"line":190,"column":30}},"type":"binary-expr","locations":[{"start":{"line":190,"column":8},"end":{"line":190,"column":30}},{"start":{"line":190,"column":34},"end":{"line":190,"column":59}}]},"38":{"loc":{"start":{"line":212,"column":2},"end":{"line":214,"column":null}},"type":"if","locations":[{"start":{"line":212,"column":2},"end":{"line":214,"column":null}},{"start":{"line":212,"column":2},"end":{"line":214,"column":null}}]},"39":{"loc":{"start":{"line":215,"column":53},"end":{"line":215,"column":55}},"type":"cond-expr","locations":[{"start":{"line":215,"column":53},"end":{"line":215,"column":55}},{"start":{"line":215,"column":53},"end":{"line":215,"column":63}}]},"40":{"loc":{"start":{"line":215,"column":16},"end":{"line":215,"column":55}},"type":"binary-expr","locations":[{"start":{"line":215,"column":16},"end":{"line":215,"column":55}},{"start":{"line":215,"column":53},"end":{"line":215,"column":55}}]},"41":{"loc":{"start":{"line":216,"column":2},"end":{"line":239,"column":null}},"type":"if","locations":[{"start":{"line":216,"column":2},"end":{"line":239,"column":null}},{"start":{"line":216,"column":2},"end":{"line":239,"column":null}}]},"42":{"loc":{"start":{"line":218,"column":6},"end":{"line":218,"column":28}},"type":"binary-expr","locations":[{"start":{"line":218,"column":6},"end":{"line":218,"column":28}},{"start":{"line":219,"column":6},"end":{"line":222,"column":null}}]},"43":{"loc":{"start":{"line":225,"column":6},"end":{"line":225,"column":40}},"type":"binary-expr","locations":[{"start":{"line":225,"column":6},"end":{"line":225,"column":40}},{"start":{"line":226,"column":6},"end":{"line":226,"column":79}}]},"44":{"loc":{"start":{"line":228,"column":21},"end":{"line":228,"column":38}},"type":"binary-expr","locations":[{"start":{"line":228,"column":21},"end":{"line":228,"column":38}},{"start":{"line":228,"column":42},"end":{"line":228,"column":66}}]},"45":{"loc":{"start":{"line":233,"column":28},"end":{"line":233,"column":36}},"type":"cond-expr","locations":[{"start":{"line":233,"column":28},"end":{"line":233,"column":36}},{"start":{"line":233,"column":39},"end":{"line":233,"column":51}}]},"46":{"loc":{"start":{"line":234,"column":35},"end":{"line":234,"column":53}},"type":"cond-expr","locations":[{"start":{"line":234,"column":35},"end":{"line":234,"column":53}},{"start":{"line":234,"column":56},"end":{"line":234,"column":58}}]},"47":{"loc":{"start":{"line":248,"column":26},"end":{"line":248,"column":45}},"type":"binary-expr","locations":[{"start":{"line":248,"column":26},"end":{"line":248,"column":45}},{"start":{"line":248,"column":49},"end":{"line":248,"column":60}}]},"48":{"loc":{"start":{"line":270,"column":2},"end":{"line":275,"column":null}},"type":"if","locations":[{"start":{"line":270,"column":2},"end":{"line":275,"column":null}},{"start":{"line":270,"column":2},"end":{"line":275,"column":null}}]},"49":{"loc":{"start":{"line":277,"column":36},"end":{"line":277,"column":38}},"type":"cond-expr","locations":[{"start":{"line":277,"column":36},"end":{"line":277,"column":38}},{"start":{"line":277,"column":29},"end":{"line":277,"column":44}}]},"50":{"loc":{"start":{"line":277,"column":29},"end":{"line":277,"column":38}},"type":"binary-expr","locations":[{"start":{"line":277,"column":29},"end":{"line":277,"column":38}},{"start":{"line":277,"column":29},"end":{"line":277,"column":38}}]},"51":{"loc":{"start":{"line":280,"column":2},"end":{"line":282,"column":null}},"type":"if","locations":[{"start":{"line":280,"column":2},"end":{"line":282,"column":null}},{"start":{"line":280,"column":2},"end":{"line":282,"column":null}}]},"52":{"loc":{"start":{"line":287,"column":10},"end":{"line":287,"column":48}},"type":"binary-expr","locations":[{"start":{"line":287,"column":10},"end":{"line":287,"column":48}},{"start":{"line":287,"column":52},"end":{"line":287,"column":54}}]},"53":{"loc":{"start":{"line":308,"column":2},"end":{"line":313,"column":null}},"type":"if","locations":[{"start":{"line":308,"column":2},"end":{"line":313,"column":null}},{"start":{"line":308,"column":2},"end":{"line":313,"column":null}}]},"54":{"loc":{"start":{"line":331,"column":2},"end":{"line":334,"column":null}},"type":"if","locations":[{"start":{"line":331,"column":2},"end":{"line":334,"column":null}},{"start":{"line":331,"column":2},"end":{"line":334,"column":null}}]},"55":{"loc":{"start":{"line":340,"column":2},"end":{"line":342,"column":null}},"type":"if","locations":[{"start":{"line":340,"column":2},"end":{"line":342,"column":null}},{"start":{"line":340,"column":2},"end":{"line":342,"column":null}}]},"56":{"loc":{"start":{"line":357,"column":2},"end":{"line":377,"column":null}},"type":"if","locations":[{"start":{"line":357,"column":2},"end":{"line":377,"column":null}},{"start":{"line":357,"column":2},"end":{"line":377,"column":null}}]},"57":{"loc":{"start":{"line":368,"column":19},"end":{"line":368,"column":21}},"type":"cond-expr","locations":[{"start":{"line":368,"column":19},"end":{"line":368,"column":21}},{"start":{"line":368,"column":19},"end":{"line":370,"column":9}}]},"58":{"loc":{"start":{"line":368,"column":6},"end":{"line":368,"column":21}},"type":"binary-expr","locations":[{"start":{"line":368,"column":6},"end":{"line":368,"column":21}},{"start":{"line":368,"column":19},"end":{"line":368,"column":21}}]}},"s":{"0":1,"1":1,"2":1,"3":1,"4":1,"5":0,"6":0,"7":0,"8":0,"9":0,"10":0,"11":0,"12":0,"13":0,"14":0,"15":0,"16":0,"17":0,"18":0,"19":0,"20":1,"21":5,"22":5,"23":1,"24":4,"25":4,"26":4,"27":4,"28":8,"29":3,"30":3,"31":5,"32":7,"33":5,"34":15,"35":5,"36":4,"37":3,"38":3,"39":8,"40":8,"41":8,"42":8,"43":5,"44":3,"45":3,"46":5,"47":4,"48":1,"49":0,"50":0,"51":0,"52":0,"53":0,"54":0,"55":0,"56":1,"57":0,"58":0,"59":0,"60":0,"61":0,"62":0,"63":0,"64":0,"65":1,"66":0,"67":0,"68":1,"69":0,"70":0,"71":0,"72":0,"73":0,"74":0,"75":0,"76":0,"77":0,"78":0,"79":0,"80":0,"81":0,"82":0,"83":0,"84":0,"85":1,"86":0,"87":0,"88":0,"89":0,"90":0,"91":0,"92":0,"93":0,"94":0,"95":0,"96":0,"97":0,"98":0,"99":0,"100":0,"101":0,"102":0,"103":0,"104":0,"105":0,"106":1,"107":0,"108":0,"109":0,"110":0,"111":0,"112":0,"113":0,"114":0,"115":0,"116":0,"117":0,"118":0,"119":0,"120":0,"121":0,"122":0,"123":1,"124":0,"125":0,"126":0,"127":0,"128":0,"129":0,"130":0,"131":0,"132":0,"133":0,"134":1,"135":0,"136":0,"137":0,"138":0,"139":0,"140":0,"141":0,"142":0,"143":0,"144":0,"145":0,"146":0,"147":0,"148":0,"149":0,"150":0,"151":1,"152":0,"153":0,"154":0,"155":0,"156":0,"157":0,"158":0,"159":0,"160":0,"161":0,"162":0,"163":0,"164":0,"165":0,"166":0,"167":0},"f":{"0":0,"1":0,"2":5,"3":8,"4":7,"5":15,"6":0,"7":0,"8":0,"9":0,"10":0,"11":0,"12":0,"13":0,"14":0,"15":0,"16":0,"17":0,"18":0,"19":0,"20":0,"21":0,"22":0,"23":0,"24":0,"25":0,"26":0,"27":0,"28":0,"29":0,"30":0,"31":0,"32":0},"b":{"0":[0,0],"1":[0,0],"2":[0,0],"3":[0,0],"4":[0,0],"5":[0,0],"6":[1,4],"7":[3,5],"8":[5,4],"9":[0,15],"10":[15,15],"11":[5,3],"12":[3,2],"13":[5,5],"14":[3,1],"15":[5,3],"16":[8,8],"17":[5,3],"18":[0,0],"19":[0,0],"20":[0,0],"21":[0,0,0],"22":[0,0],"23":[0,0],"24":[0,0],"25":[0,0],"26":[0,0],"27":[0,0],"28":[0,0,0],"29":[0,0],"30":[0,0],"31":[0,0],"32":[0,0],"33":[0,0],"34":[0,0],"35":[0,0],"36":[0,0],"37":[0,0],"38":[0,0],"39":[0,0],"40":[0,0],"41":[0,0],"42":[0,0],"43":[0,0],"44":[0,0],"45":[0,0],"46":[0,0],"47":[0,0],"48":[0,0],"49":[0,0],"50":[0,0],"51":[0,0],"52":[0,0],"53":[0,0],"54":[0,0],"55":[0,0],"56":[0,0],"57":[0,0],"58":[0,0]}}
}
