{"/Users/esra/projects/programming/boba-frontend/utils/thread-utils.ts": {"path":"/Users/esra/projects/programming/boba-frontend/utils/thread-utils.ts","statementMap":{"0":{"start":{"line":1,"column":0},"end":{"line":1,"column":26}},"1":{"start":{"line":2,"column":0},"end":{"line":2,"column":41}},"2":{"start":{"line":11,"column":12},"end":{"line":11,"column":46}},"3":{"start":{"line":13,"column":13},"end":{"line":13,"column":51}},"4":{"start":{"line":15,"column":13},"end":{"line":46,"column":2}},"5":{"start":{"line":18,"column":17},"end":{"line":22,"column":4}},"6":{"start":{"line":23,"column":2},"end":{"line":25,"column":null}},"7":{"start":{"line":24,"column":4},"end":{"line":24,"column":18}},"8":{"start":{"line":26,"column":2},"end":{"line":41,"column":5}},"9":{"start":{"line":27,"column":4},"end":{"line":30,"column":null}},"10":{"start":{"line":28,"column":6},"end":{"line":28,"column":33}},"11":{"start":{"line":29,"column":6},"end":{"line":29,"column":13}},"12":{"start":{"line":31,"column":4},"end":{"line":37,"column":null}},"13":{"start":{"line":32,"column":6},"end":{"line":36,"column":9}},"14":{"start":{"line":38,"column":4},"end":{"line":40,"column":null}},"15":{"start":{"line":39,"column":6},"end":{"line":39,"column":64}},"16":{"start":{"line":43,"column":2},"end":{"line":43,"column":31}},"17":{"start":{"line":44,"column":2},"end":{"line":44,"column":14}},"18":{"start":{"line":45,"column":2},"end":{"line":45,"column":16}},"19":{"start":{"line":52,"column":13},"end":{"line":119,"column":2}},"20":{"start":{"line":60,"column":2},"end":{"line":60,"column":52}},"21":{"start":{"line":61,"column":2},"end":{"line":67,"column":null}},"22":{"start":{"line":62,"column":4},"end":{"line":66,"column":6}},"23":{"start":{"line":68,"column":30},"end":{"line":68,"column":34}},"24":{"start":{"line":69,"column":28},"end":{"line":69,"column":65}},"25":{"start":{"line":70,"column":43},"end":{"line":70,"column":45}},"26":{"start":{"line":74,"column":2},"end":{"line":96,"column":5}},"27":{"start":{"line":75,"column":4},"end":{"line":78,"column":null}},"28":{"start":{"line":76,"column":6},"end":{"line":76,"column":18}},"29":{"start":{"line":77,"column":6},"end":{"line":77,"column":13}},"30":{"start":{"line":81,"column":23},"end":{"line":82,"column":null}},"31":{"start":{"line":82,"column":21},"end":{"line":82,"column":null}},"32":{"start":{"line":85,"column":6},"end":{"line":86,"column":10}},"33":{"start":{"line":85,"column":32},"end":{"line":85,"column":77}},"34":{"start":{"line":87,"column":4},"end":{"line":95,"column":7}},"35":{"start":{"line":102,"column":2},"end":{"line":116,"column":null}},"36":{"start":{"line":103,"column":36},"end":{"line":103,"column":42}},"37":{"start":{"line":104,"column":4},"end":{"line":115,"column":null}},"38":{"start":{"line":105,"column":26},"end":{"line":105,"column":55}},"39":{"start":{"line":106,"column":6},"end":{"line":106,"column":45}},"40":{"start":{"line":108,"column":20},"end":{"line":108,"column":74}},"41":{"start":{"line":109,"column":6},"end":{"line":111,"column":null}},"42":{"start":{"line":110,"column":8},"end":{"line":110,"column":17}},"43":{"start":{"line":112,"column":6},"end":{"line":114,"column":null}},"44":{"start":{"line":112,"column":19},"end":{"line":112,"column":38}},"45":{"start":{"line":113,"column":8},"end":{"line":113,"column":38}},"46":{"start":{"line":118,"column":2},"end":{"line":118,"column":59}},"47":{"start":{"line":121,"column":13},"end":{"line":161,"column":2}},"48":{"start":{"line":128,"column":29},"end":{"line":128,"column":null}},"49":{"start":{"line":132,"column":2},"end":{"line":159,"column":5}},"50":{"start":{"line":133,"column":4},"end":{"line":135,"column":null}},"51":{"start":{"line":134,"column":6},"end":{"line":134,"column":55}},"52":{"start":{"line":139,"column":8},"end":{"line":142,"column":6}},"53":{"start":{"line":137,"column":26},"end":{"line":137,"column":null}},"54":{"start":{"line":138,"column":44},"end":{"line":138,"column":null}},"55":{"start":{"line":144,"column":4},"end":{"line":146,"column":null}},"56":{"start":{"line":145,"column":6},"end":{"line":145,"column":13}},"57":{"start":{"line":148,"column":21},"end":{"line":148,"column":42}},"58":{"start":{"line":149,"column":4},"end":{"line":158,"column":null}},"59":{"start":{"line":150,"column":24},"end":{"line":150,"column":60}},"60":{"start":{"line":151,"column":6},"end":{"line":153,"column":null}},"61":{"start":{"line":152,"column":8},"end":{"line":152,"column":68}},"62":{"start":{"line":154,"column":22},"end":{"line":154,"column":66}},"63":{"start":{"line":155,"column":6},"end":{"line":157,"column":null}},"64":{"start":{"line":156,"column":8},"end":{"line":156,"column":55}},"65":{"start":{"line":160,"column":2},"end":{"line":160,"column":28}},"66":{"start":{"line":163,"column":13},"end":{"line":176,"column":2}},"67":{"start":{"line":167,"column":14},"end":{"line":167,"column":15}},"68":{"start":{"line":168,"column":10},"end":{"line":168,"column":48}},"69":{"start":{"line":169,"column":2},"end":{"line":174,"column":null}},"70":{"start":{"line":170,"column":4},"end":{"line":170,"column":25}},"71":{"start":{"line":171,"column":4},"end":{"line":173,"column":6}},"72":{"start":{"line":172,"column":27},"end":{"line":172,"column":null}},"73":{"start":{"line":175,"column":2},"end":{"line":175,"column":15}},"74":{"start":{"line":178,"column":13},"end":{"line":194,"column":2}},"75":{"start":{"line":182,"column":14},"end":{"line":182,"column":15}},"76":{"start":{"line":183,"column":10},"end":{"line":183,"column":48}},"77":{"start":{"line":184,"column":2},"end":{"line":192,"column":null}},"78":{"start":{"line":185,"column":4},"end":{"line":188,"column":6}},"79":{"start":{"line":186,"column":41},"end":{"line":186,"column":null}},"80":{"start":{"line":189,"column":4},"end":{"line":191,"column":6}},"81":{"start":{"line":190,"column":27},"end":{"line":190,"column":null}},"82":{"start":{"line":193,"column":2},"end":{"line":193,"column":15}},"83":{"start":{"line":196,"column":13},"end":{"line":200,"column":2}},"84":{"start":{"line":197,"column":2},"end":{"line":199,"column":16}},"85":{"start":{"line":198,"column":37},"end":{"line":198,"column":61}},"86":{"start":{"line":202,"column":13},"end":{"line":240,"column":2}},"87":{"start":{"line":207,"column":2},"end":{"line":207,"column":34}},"88":{"start":{"line":208,"column":2},"end":{"line":213,"column":null}},"89":{"start":{"line":209,"column":4},"end":{"line":212,"column":6}},"90":{"start":{"line":214,"column":27},"end":{"line":215,"column":null}},"91":{"start":{"line":215,"column":18},"end":{"line":215,"column":null}},"92":{"start":{"line":217,"column":2},"end":{"line":217,"column":24}},"93":{"start":{"line":218,"column":2},"end":{"line":218,"column":24}},"94":{"start":{"line":221,"column":21},"end":{"line":221,"column":47}},"95":{"start":{"line":222,"column":2},"end":{"line":222,"column":79}},"96":{"start":{"line":223,"column":31},"end":{"line":223,"column":68}},"97":{"start":{"line":224,"column":2},"end":{"line":235,"column":5}},"98":{"start":{"line":225,"column":27},"end":{"line":226,"column":null}},"99":{"start":{"line":226,"column":6},"end":{"line":226,"column":null}},"100":{"start":{"line":228,"column":4},"end":{"line":234,"column":null}},"101":{"start":{"line":229,"column":6},"end":{"line":233,"column":9}},"102":{"start":{"line":236,"column":2},"end":{"line":239,"column":4}},"103":{"start":{"line":242,"column":30},"end":{"line":291,"column":1}},"104":{"start":{"line":251,"column":2},"end":{"line":253,"column":null}},"105":{"start":{"line":252,"column":4},"end":{"line":252,"column":50}},"106":{"start":{"line":254,"column":16},"end":{"line":254,"column":63}},"107":{"start":{"line":255,"column":2},"end":{"line":278,"column":null}},"108":{"start":{"line":257,"column":6},"end":{"line":261,"column":null}},"109":{"start":{"line":259,"column":8},"end":{"line":261,"column":null}},"110":{"start":{"line":260,"column":30},"end":{"line":260,"column":null}},"111":{"start":{"line":264,"column":6},"end":{"line":265,"column":79}},"112":{"start":{"line":265,"column":42},"end":{"line":265,"column":79}},"113":{"start":{"line":267,"column":21},"end":{"line":267,"column":66}},"114":{"start":{"line":268,"column":4},"end":{"line":268,"column":26}},"115":{"start":{"line":269,"column":4},"end":{"line":275,"column":6}},"116":{"start":{"line":276,"column":4},"end":{"line":276,"column":51}},"117":{"start":{"line":277,"column":4},"end":{"line":277,"column":20}},"118":{"start":{"line":279,"column":28},"end":{"line":279,"column":33}},"119":{"start":{"line":280,"column":2},"end":{"line":288,"column":5}},"120":{"start":{"line":281,"column":24},"end":{"line":285,"column":null}},"121":{"start":{"line":287,"column":4},"end":{"line":287,"column":61}},"122":{"start":{"line":289,"column":2},"end":{"line":289,"column":51}},"123":{"start":{"line":290,"column":2},"end":{"line":290,"column":29}},"124":{"start":{"line":293,"column":13},"end":{"line":334,"column":2}},"125":{"start":{"line":294,"column":10},"end":{"line":294,"column":null}},"126":{"start":{"line":295,"column":13},"end":{"line":295,"column":null}},"127":{"start":{"line":296,"column":9},"end":{"line":296,"column":null}},"128":{"start":{"line":305,"column":21},"end":{"line":308,"column":4}},"129":{"start":{"line":309,"column":2},"end":{"line":314,"column":null}},"130":{"start":{"line":310,"column":4},"end":{"line":312,"column":6}},"131":{"start":{"line":313,"column":4},"end":{"line":313,"column":17}},"132":{"start":{"line":315,"column":22},"end":{"line":316,"column":null}},"133":{"start":{"line":316,"column":14},"end":{"line":316,"column":null}},"134":{"start":{"line":318,"column":2},"end":{"line":318,"column":53}},"135":{"start":{"line":319,"column":2},"end":{"line":321,"column":null}},"136":{"start":{"line":320,"column":4},"end":{"line":320,"column":17}},"137":{"start":{"line":322,"column":2},"end":{"line":329,"column":4}},"138":{"start":{"line":330,"column":2},"end":{"line":332,"column":6}},"139":{"start":{"line":330,"column":62},"end":{"line":332,"column":5}},"140":{"start":{"line":333,"column":2},"end":{"line":333,"column":14}},"141":{"start":{"line":336,"column":13},"end":{"line":358,"column":2}},"142":{"start":{"line":337,"column":10},"end":{"line":337,"column":null}},"143":{"start":{"line":338,"column":6},"end":{"line":338,"column":null}},"144":{"start":{"line":343,"column":21},"end":{"line":346,"column":4}},"145":{"start":{"line":347,"column":2},"end":{"line":352,"column":null}},"146":{"start":{"line":348,"column":4},"end":{"line":350,"column":6}},"147":{"start":{"line":351,"column":4},"end":{"line":351,"column":17}},"148":{"start":{"line":353,"column":2},"end":{"line":353,"column":49}},"149":{"start":{"line":354,"column":2},"end":{"line":356,"column":6}},"150":{"start":{"line":354,"column":62},"end":{"line":356,"column":5}},"151":{"start":{"line":357,"column":2},"end":{"line":357,"column":14}},"152":{"start":{"line":360,"column":13},"end":{"line":386,"column":2}},"153":{"start":{"line":361,"column":6},"end":{"line":361,"column":null}},"154":{"start":{"line":362,"column":10},"end":{"line":362,"column":null}},"155":{"start":{"line":369,"column":18},"end":{"line":369,"column":74}},"156":{"start":{"line":370,"column":2},"end":{"line":373,"column":null}},"157":{"start":{"line":371,"column":4},"end":{"line":371,"column":48}},"158":{"start":{"line":372,"column":4},"end":{"line":372,"column":21}},"159":{"start":{"line":374,"column":2},"end":{"line":374,"column":61}},"160":{"start":{"line":375,"column":2},"end":{"line":375,"column":17}},"161":{"start":{"line":376,"column":17},"end":{"line":378,"column":50}},"162":{"start":{"line":377,"column":23},"end":{"line":377,"column":37}},"163":{"start":{"line":378,"column":22},"end":{"line":378,"column":50}},"164":{"start":{"line":379,"column":2},"end":{"line":381,"column":null}},"165":{"start":{"line":380,"column":4},"end":{"line":380,"column":21}},"166":{"start":{"line":383,"column":2},"end":{"line":383,"column":23}},"167":{"start":{"line":384,"column":2},"end":{"line":384,"column":14}},"168":{"start":{"line":385,"column":2},"end":{"line":385,"column":31}},"169":{"start":{"line":388,"column":13},"end":{"line":417,"column":2}},"170":{"start":{"line":389,"column":10},"end":{"line":389,"column":null}},"171":{"start":{"line":390,"column":6},"end":{"line":390,"column":null}},"172":{"start":{"line":395,"column":23},"end":{"line":395,"column":64}},"173":{"start":{"line":396,"column":2},"end":{"line":416,"column":null}},"174":{"start":{"line":397,"column":4},"end":{"line":397,"column":34}},"175":{"start":{"line":398,"column":4},"end":{"line":398,"column":29}},"176":{"start":{"line":399,"column":4},"end":{"line":399,"column":38}},"177":{"start":{"line":400,"column":4},"end":{"line":400,"column":46}},"178":{"start":{"line":401,"column":4},"end":{"line":401,"column":43}},"179":{"start":{"line":403,"column":4},"end":{"line":410,"column":7}},"180":{"start":{"line":404,"column":6},"end":{"line":404,"column":25}},"181":{"start":{"line":405,"column":6},"end":{"line":405,"column":33}},"182":{"start":{"line":406,"column":6},"end":{"line":406,"column":30}},"183":{"start":{"line":407,"column":6},"end":{"line":409,"column":9}},"184":{"start":{"line":408,"column":8},"end":{"line":408,"column":30}},"185":{"start":{"line":412,"column":4},"end":{"line":415,"column":6}}},"fnMap":{"0":{"name":"(anonymous_4)","decl":{"start":{"line":15,"column":32},"end":{"line":15,"column":null}},"loc":{"start":{"line":16,"column":37},"end":{"line":46,"column":1}}},"1":{"name":"(anonymous_5)","decl":{"start":{"line":26,"column":19},"end":{"line":26,"column":20}},"loc":{"start":{"line":26,"column":27},"end":{"line":41,"column":3}}},"2":{"name":"(anonymous_6)","decl":{"start":{"line":52,"column":29},"end":{"line":52,"column":null}},"loc":{"start":{"line":54,"column":18},"end":{"line":119,"column":1}}},"3":{"name":"(anonymous_7)","decl":{"start":{"line":74,"column":16},"end":{"line":74,"column":17}},"loc":{"start":{"line":74,"column":21},"end":{"line":96,"column":3}}},"4":{"name":"(anonymous_8)","decl":{"start":{"line":82,"column":6},"end":{"line":82,"column":7}},"loc":{"start":{"line":82,"column":16},"end":{"line":82,"column":30}}},"5":{"name":"(anonymous_9)","decl":{"start":{"line":85,"column":17},"end":{"line":85,"column":18}},"loc":{"start":{"line":85,"column":27},"end":{"line":85,"column":41}}},"6":{"name":"(anonymous_10)","decl":{"start":{"line":121,"column":38},"end":{"line":121,"column":null}},"loc":{"start":{"line":123,"column":53},"end":{"line":161,"column":1}}},"7":{"name":"(anonymous_11)","decl":{"start":{"line":132,"column":31},"end":{"line":132,"column":32}},"loc":{"start":{"line":132,"column":36},"end":{"line":159,"column":3}}},"8":{"name":"(anonymous_12)","decl":{"start":{"line":163,"column":37},"end":{"line":163,"column":null}},"loc":{"start":{"line":165,"column":74},"end":{"line":176,"column":1}}},"9":{"name":"(anonymous_13)","decl":{"start":{"line":172,"column":6},"end":{"line":172,"column":7}},"loc":{"start":{"line":172,"column":22},"end":{"line":172,"column":null}}},"10":{"name":"(anonymous_14)","decl":{"start":{"line":178,"column":40},"end":{"line":178,"column":null}},"loc":{"start":{"line":180,"column":74},"end":{"line":194,"column":1}}},"11":{"name":"(anonymous_15)","decl":{"start":{"line":186,"column":6},"end":{"line":186,"column":7}},"loc":{"start":{"line":186,"column":36},"end":{"line":186,"column":46}}},"12":{"name":"(anonymous_16)","decl":{"start":{"line":190,"column":6},"end":{"line":190,"column":7}},"loc":{"start":{"line":190,"column":22},"end":{"line":190,"column":null}}},"13":{"name":"(anonymous_17)","decl":{"start":{"line":196,"column":33},"end":{"line":196,"column":34}},"loc":{"start":{"line":196,"column":63},"end":{"line":200,"column":1}}},"14":{"name":"(anonymous_18)","decl":{"start":{"line":198,"column":27},"end":{"line":198,"column":28}},"loc":{"start":{"line":198,"column":32},"end":{"line":198,"column":41}}},"15":{"name":"(anonymous_19)","decl":{"start":{"line":202,"column":37},"end":{"line":202,"column":null}},"loc":{"start":{"line":205,"column":55},"end":{"line":240,"column":1}}},"16":{"name":"(anonymous_20)","decl":{"start":{"line":215,"column":4},"end":{"line":215,"column":5}},"loc":{"start":{"line":215,"column":13},"end":{"line":215,"column":26}}},"17":{"name":"(anonymous_21)","decl":{"start":{"line":224,"column":28},"end":{"line":224,"column":29}},"loc":{"start":{"line":224,"column":50},"end":{"line":235,"column":3}}},"18":{"name":"(anonymous_22)","decl":{"start":{"line":225,"column":58},"end":{"line":225,"column":59}},"loc":{"start":{"line":225,"column":64},"end":{"line":226,"column":16}}},"19":{"name":"(anonymous_23)","decl":{"start":{"line":242,"column":30},"end":{"line":242,"column":null}},"loc":{"start":{"line":249,"column":34},"end":{"line":291,"column":1}}},"20":{"name":"(anonymous_24)","decl":{"start":{"line":258,"column":34},"end":{"line":258,"column":35}},"loc":{"start":{"line":258,"column":43},"end":{"line":259,"column":24}}},"21":{"name":"(anonymous_25)","decl":{"start":{"line":260,"column":10},"end":{"line":260,"column":11}},"loc":{"start":{"line":260,"column":25},"end":{"line":260,"column":38}}},"22":{"name":"(anonymous_26)","decl":{"start":{"line":265,"column":28},"end":{"line":265,"column":29}},"loc":{"start":{"line":265,"column":37},"end":{"line":265,"column":50}}},"23":{"name":"(anonymous_27)","decl":{"start":{"line":280,"column":19},"end":{"line":280,"column":20}},"loc":{"start":{"line":280,"column":25},"end":{"line":288,"column":3}}},"24":{"name":"(anonymous_28)","decl":{"start":{"line":293,"column":34},"end":{"line":293,"column":35}},"loc":{"start":{"line":304,"column":1},"end":{"line":334,"column":1}}},"25":{"name":"(anonymous_29)","decl":{"start":{"line":316,"column":4},"end":{"line":316,"column":5}},"loc":{"start":{"line":316,"column":9},"end":{"line":316,"column":18}}},"26":{"name":"(anonymous_30)","decl":{"start":{"line":330,"column":56},"end":{"line":330,"column":62}},"loc":{"start":{"line":330,"column":56},"end":{"line":330,"column":null}}},"27":{"name":"(anonymous_31)","decl":{"start":{"line":336,"column":31},"end":{"line":336,"column":32}},"loc":{"start":{"line":342,"column":1},"end":{"line":358,"column":1}}},"28":{"name":"(anonymous_32)","decl":{"start":{"line":354,"column":56},"end":{"line":354,"column":62}},"loc":{"start":{"line":354,"column":56},"end":{"line":354,"column":null}}},"29":{"name":"(anonymous_33)","decl":{"start":{"line":360,"column":37},"end":{"line":360,"column":38}},"loc":{"start":{"line":366,"column":1},"end":{"line":386,"column":1}}},"30":{"name":"(anonymous_34)","decl":{"start":{"line":377,"column":13},"end":{"line":377,"column":14}},"loc":{"start":{"line":377,"column":18},"end":{"line":377,"column":27}}},"31":{"name":"(anonymous_35)","decl":{"start":{"line":378,"column":10},"end":{"line":378,"column":11}},"loc":{"start":{"line":378,"column":17},"end":{"line":378,"column":28}}},"32":{"name":"(anonymous_36)","decl":{"start":{"line":388,"column":37},"end":{"line":388,"column":38}},"loc":{"start":{"line":394,"column":1},"end":{"line":417,"column":1}}},"33":{"name":"(anonymous_37)","decl":{"start":{"line":403,"column":38},"end":{"line":403,"column":39}},"loc":{"start":{"line":403,"column":43},"end":{"line":410,"column":5}}},"34":{"name":"(anonymous_38)","decl":{"start":{"line":407,"column":29},"end":{"line":407,"column":30}},"loc":{"start":{"line":407,"column":37},"end":{"line":409,"column":7}}}},"branchMap":{"0":{"loc":{"start":{"line":23,"column":2},"end":{"line":25,"column":null}},"type":"if","locations":[{"start":{"line":23,"column":2},"end":{"line":25,"column":null}},{"start":{"line":23,"column":2},"end":{"line":25,"column":null}}]},"1":{"loc":{"start":{"line":27,"column":4},"end":{"line":30,"column":null}},"type":"if","locations":[{"start":{"line":27,"column":4},"end":{"line":30,"column":null}},{"start":{"line":27,"column":4},"end":{"line":30,"column":null}}]},"2":{"loc":{"start":{"line":27,"column":8},"end":{"line":27,"column":32}},"type":"binary-expr","locations":[{"start":{"line":27,"column":8},"end":{"line":27,"column":32}},{"start":{"line":27,"column":36},"end":{"line":27,"column":58}}]},"3":{"loc":{"start":{"line":31,"column":4},"end":{"line":37,"column":null}},"type":"if","locations":[{"start":{"line":31,"column":4},"end":{"line":37,"column":null}},{"start":{"line":31,"column":4},"end":{"line":37,"column":null}}]},"4":{"loc":{"start":{"line":33,"column":12},"end":{"line":33,"column":65}},"type":"binary-expr","locations":[{"start":{"line":33,"column":12},"end":{"line":33,"column":65}},{"start":{"line":34,"column":11},"end":{"line":34,"column":31}}]},"5":{"loc":{"start":{"line":38,"column":4},"end":{"line":40,"column":null}},"type":"if","locations":[{"start":{"line":38,"column":4},"end":{"line":40,"column":null}},{"start":{"line":38,"column":4},"end":{"line":40,"column":null}}]},"6":{"loc":{"start":{"line":61,"column":2},"end":{"line":67,"column":null}},"type":"if","locations":[{"start":{"line":61,"column":2},"end":{"line":67,"column":null}},{"start":{"line":61,"column":2},"end":{"line":67,"column":null}}]},"7":{"loc":{"start":{"line":75,"column":4},"end":{"line":78,"column":null}},"type":"if","locations":[{"start":{"line":75,"column":4},"end":{"line":78,"column":null}},{"start":{"line":75,"column":4},"end":{"line":78,"column":null}}]},"8":{"loc":{"start":{"line":85,"column":6},"end":{"line":85,"column":77}},"type":"binary-expr","locations":[{"start":{"line":85,"column":6},"end":{"line":85,"column":77}},{"start":{"line":86,"column":6},"end":{"line":86,"column":10}}]},"9":{"loc":{"start":{"line":85,"column":62},"end":{"line":85,"column":64}},"type":"cond-expr","locations":[{"start":{"line":85,"column":62},"end":{"line":85,"column":64}},{"start":{"line":85,"column":52},"end":{"line":85,"column":76}}]},"10":{"loc":{"start":{"line":85,"column":52},"end":{"line":85,"column":64}},"type":"binary-expr","locations":[{"start":{"line":85,"column":52},"end":{"line":85,"column":64}},{"start":{"line":85,"column":52},"end":{"line":85,"column":64}}]},"11":{"loc":{"start":{"line":91,"column":12},"end":{"line":91,"column":62}},"type":"binary-expr","locations":[{"start":{"line":91,"column":12},"end":{"line":91,"column":62}},{"start":{"line":92,"column":11},"end":{"line":92,"column":28}}]},"12":{"loc":{"start":{"line":91,"column":52},"end":{"line":91,"column":54}},"type":"cond-expr","locations":[{"start":{"line":91,"column":52},"end":{"line":91,"column":54}},{"start":{"line":91,"column":52},"end":{"line":91,"column":62}}]},"13":{"loc":{"start":{"line":91,"column":12},"end":{"line":91,"column":54}},"type":"binary-expr","locations":[{"start":{"line":91,"column":12},"end":{"line":91,"column":54}},{"start":{"line":91,"column":52},"end":{"line":91,"column":54}}]},"14":{"loc":{"start":{"line":102,"column":2},"end":{"line":116,"column":null}},"type":"if","locations":[{"start":{"line":102,"column":2},"end":{"line":116,"column":null}},{"start":{"line":102,"column":2},"end":{"line":116,"column":null}}]},"15":{"loc":{"start":{"line":108,"column":64},"end":{"line":108,"column":66}},"type":"cond-expr","locations":[{"start":{"line":108,"column":64},"end":{"line":108,"column":66}},{"start":{"line":108,"column":64},"end":{"line":108,"column":74}}]},"16":{"loc":{"start":{"line":108,"column":20},"end":{"line":108,"column":66}},"type":"binary-expr","locations":[{"start":{"line":108,"column":20},"end":{"line":108,"column":66}},{"start":{"line":108,"column":64},"end":{"line":108,"column":66}}]},"17":{"loc":{"start":{"line":109,"column":6},"end":{"line":111,"column":null}},"type":"if","locations":[{"start":{"line":109,"column":6},"end":{"line":111,"column":null}},{"start":{"line":109,"column":6},"end":{"line":111,"column":null}}]},"18":{"loc":{"start":{"line":133,"column":4},"end":{"line":135,"column":null}},"type":"if","locations":[{"start":{"line":133,"column":4},"end":{"line":135,"column":null}},{"start":{"line":133,"column":4},"end":{"line":135,"column":null}}]},"19":{"loc":{"start":{"line":133,"column":8},"end":{"line":133,"column":18}},"type":"binary-expr","locations":[{"start":{"line":133,"column":8},"end":{"line":133,"column":18}},{"start":{"line":133,"column":22},"end":{"line":133,"column":47}}]},"20":{"loc":{"start":{"line":139,"column":8},"end":{"line":139,"column":40}},"type":"binary-expr","locations":[{"start":{"line":139,"column":8},"end":{"line":139,"column":40}},{"start":{"line":139,"column":44},"end":{"line":142,"column":6}}]},"21":{"loc":{"start":{"line":144,"column":4},"end":{"line":146,"column":null}},"type":"if","locations":[{"start":{"line":144,"column":4},"end":{"line":146,"column":null}},{"start":{"line":144,"column":4},"end":{"line":146,"column":null}}]},"22":{"loc":{"start":{"line":151,"column":6},"end":{"line":153,"column":null}},"type":"if","locations":[{"start":{"line":151,"column":6},"end":{"line":153,"column":null}},{"start":{"line":151,"column":6},"end":{"line":153,"column":null}}]},"23":{"loc":{"start":{"line":155,"column":6},"end":{"line":157,"column":null}},"type":"if","locations":[{"start":{"line":155,"column":6},"end":{"line":157,"column":null}},{"start":{"line":155,"column":6},"end":{"line":157,"column":null}}]},"24":{"loc":{"start":{"line":168,"column":38},"end":{"line":168,"column":40}},"type":"cond-expr","locations":[{"start":{"line":168,"column":38},"end":{"line":168,"column":40}},{"start":{"line":168,"column":38},"end":{"line":168,"column":48}}]},"25":{"loc":{"start":{"line":168,"column":10},"end":{"line":168,"column":40}},"type":"binary-expr","locations":[{"start":{"line":168,"column":10},"end":{"line":168,"column":40}},{"start":{"line":168,"column":38},"end":{"line":168,"column":40}}]},"26":{"loc":{"start":{"line":169,"column":9},"end":{"line":169,"column":13}},"type":"binary-expr","locations":[{"start":{"line":169,"column":9},"end":{"line":169,"column":13}},{"start":{"line":169,"column":17},"end":{"line":169,"column":32}}]},"27":{"loc":{"start":{"line":172,"column":28},"end":{"line":172,"column":33}},"type":"binary-expr","locations":[{"start":{"line":172,"column":28},"end":{"line":172,"column":33}},{"start":{"line":172,"column":33},"end":{"line":172,"column":73}},{"start":{"line":172,"column":78},"end":{"line":172,"column":80}}]},"28":{"loc":{"start":{"line":172,"column":63},"end":{"line":172,"column":65}},"type":"cond-expr","locations":[{"start":{"line":172,"column":63},"end":{"line":172,"column":65}},{"start":{"line":172,"column":63},"end":{"line":172,"column":73}}]},"29":{"loc":{"start":{"line":172,"column":33},"end":{"line":172,"column":65}},"type":"binary-expr","locations":[{"start":{"line":172,"column":33},"end":{"line":172,"column":65}},{"start":{"line":172,"column":63},"end":{"line":172,"column":65}}]},"30":{"loc":{"start":{"line":183,"column":38},"end":{"line":183,"column":40}},"type":"cond-expr","locations":[{"start":{"line":183,"column":38},"end":{"line":183,"column":40}},{"start":{"line":183,"column":38},"end":{"line":183,"column":48}}]},"31":{"loc":{"start":{"line":183,"column":10},"end":{"line":183,"column":40}},"type":"binary-expr","locations":[{"start":{"line":183,"column":10},"end":{"line":183,"column":40}},{"start":{"line":183,"column":38},"end":{"line":183,"column":40}}]},"32":{"loc":{"start":{"line":184,"column":9},"end":{"line":184,"column":13}},"type":"binary-expr","locations":[{"start":{"line":184,"column":9},"end":{"line":184,"column":13}},{"start":{"line":184,"column":17},"end":{"line":184,"column":32}}]},"33":{"loc":{"start":{"line":186,"column":63},"end":{"line":186,"column":64}},"type":"cond-expr","locations":[{"start":{"line":186,"column":63},"end":{"line":186,"column":64}},{"start":{"line":186,"column":67},"end":{"line":186,"column":68}}]},"34":{"loc":{"start":{"line":190,"column":28},"end":{"line":190,"column":33}},"type":"binary-expr","locations":[{"start":{"line":190,"column":28},"end":{"line":190,"column":33}},{"start":{"line":190,"column":33},"end":{"line":190,"column":73}},{"start":{"line":190,"column":78},"end":{"line":190,"column":80}}]},"35":{"loc":{"start":{"line":190,"column":63},"end":{"line":190,"column":65}},"type":"cond-expr","locations":[{"start":{"line":190,"column":63},"end":{"line":190,"column":65}},{"start":{"line":190,"column":63},"end":{"line":190,"column":73}}]},"36":{"loc":{"start":{"line":190,"column":33},"end":{"line":190,"column":65}},"type":"binary-expr","locations":[{"start":{"line":190,"column":33},"end":{"line":190,"column":65}},{"start":{"line":190,"column":63},"end":{"line":190,"column":65}}]},"37":{"loc":{"start":{"line":198,"column":17},"end":{"line":198,"column":19}},"type":"cond-expr","locations":[{"start":{"line":198,"column":17},"end":{"line":198,"column":19}},{"start":{"line":198,"column":12},"end":{"line":198,"column":61}}]},"38":{"loc":{"start":{"line":198,"column":12},"end":{"line":198,"column":19}},"type":"binary-expr","locations":[{"start":{"line":198,"column":12},"end":{"line":198,"column":19}},{"start":{"line":198,"column":12},"end":{"line":198,"column":19}}]},"39":{"loc":{"start":{"line":208,"column":2},"end":{"line":213,"column":null}},"type":"if","locations":[{"start":{"line":208,"column":2},"end":{"line":213,"column":null}},{"start":{"line":208,"column":2},"end":{"line":213,"column":null}}]},"40":{"loc":{"start":{"line":225,"column":40},"end":{"line":225,"column":42}},"type":"cond-expr","locations":[{"start":{"line":225,"column":40},"end":{"line":225,"column":42}},{"start":{"line":225,"column":27},"end":{"line":226,"column":null}}]},"41":{"loc":{"start":{"line":225,"column":27},"end":{"line":225,"column":42}},"type":"binary-expr","locations":[{"start":{"line":225,"column":27},"end":{"line":225,"column":42}},{"start":{"line":225,"column":27},"end":{"line":225,"column":42}}]},"42":{"loc":{"start":{"line":228,"column":4},"end":{"line":234,"column":null}},"type":"if","locations":[{"start":{"line":228,"column":4},"end":{"line":234,"column":null}},{"start":{"line":228,"column":4},"end":{"line":234,"column":null}}]},"43":{"loc":{"start":{"line":228,"column":8},"end":{"line":228,"column":30}},"type":"binary-expr","locations":[{"start":{"line":228,"column":8},"end":{"line":228,"column":30}},{"start":{"line":228,"column":34},"end":{"line":228,"column":59}}]},"44":{"loc":{"start":{"line":251,"column":2},"end":{"line":253,"column":null}},"type":"if","locations":[{"start":{"line":251,"column":2},"end":{"line":253,"column":null}},{"start":{"line":251,"column":2},"end":{"line":253,"column":null}}]},"45":{"loc":{"start":{"line":254,"column":53},"end":{"line":254,"column":55}},"type":"cond-expr","locations":[{"start":{"line":254,"column":53},"end":{"line":254,"column":55}},{"start":{"line":254,"column":53},"end":{"line":254,"column":63}}]},"46":{"loc":{"start":{"line":254,"column":16},"end":{"line":254,"column":55}},"type":"binary-expr","locations":[{"start":{"line":254,"column":16},"end":{"line":254,"column":55}},{"start":{"line":254,"column":53},"end":{"line":254,"column":55}}]},"47":{"loc":{"start":{"line":255,"column":2},"end":{"line":278,"column":null}},"type":"if","locations":[{"start":{"line":255,"column":2},"end":{"line":278,"column":null}},{"start":{"line":255,"column":2},"end":{"line":278,"column":null}}]},"48":{"loc":{"start":{"line":257,"column":6},"end":{"line":257,"column":28}},"type":"binary-expr","locations":[{"start":{"line":257,"column":6},"end":{"line":257,"column":28}},{"start":{"line":258,"column":6},"end":{"line":261,"column":null}}]},"49":{"loc":{"start":{"line":264,"column":6},"end":{"line":264,"column":40}},"type":"binary-expr","locations":[{"start":{"line":264,"column":6},"end":{"line":264,"column":40}},{"start":{"line":265,"column":6},"end":{"line":265,"column":79}}]},"50":{"loc":{"start":{"line":267,"column":21},"end":{"line":267,"column":38}},"type":"binary-expr","locations":[{"start":{"line":267,"column":21},"end":{"line":267,"column":38}},{"start":{"line":267,"column":42},"end":{"line":267,"column":66}}]},"51":{"loc":{"start":{"line":272,"column":28},"end":{"line":272,"column":36}},"type":"cond-expr","locations":[{"start":{"line":272,"column":28},"end":{"line":272,"column":36}},{"start":{"line":272,"column":39},"end":{"line":272,"column":51}}]},"52":{"loc":{"start":{"line":273,"column":35},"end":{"line":273,"column":53}},"type":"cond-expr","locations":[{"start":{"line":273,"column":35},"end":{"line":273,"column":53}},{"start":{"line":273,"column":56},"end":{"line":273,"column":58}}]},"53":{"loc":{"start":{"line":287,"column":26},"end":{"line":287,"column":45}},"type":"binary-expr","locations":[{"start":{"line":287,"column":26},"end":{"line":287,"column":45}},{"start":{"line":287,"column":49},"end":{"line":287,"column":60}}]},"54":{"loc":{"start":{"line":309,"column":2},"end":{"line":314,"column":null}},"type":"if","locations":[{"start":{"line":309,"column":2},"end":{"line":314,"column":null}},{"start":{"line":309,"column":2},"end":{"line":314,"column":null}}]},"55":{"loc":{"start":{"line":316,"column":36},"end":{"line":316,"column":38}},"type":"cond-expr","locations":[{"start":{"line":316,"column":36},"end":{"line":316,"column":38}},{"start":{"line":316,"column":29},"end":{"line":316,"column":44}}]},"56":{"loc":{"start":{"line":316,"column":29},"end":{"line":316,"column":38}},"type":"binary-expr","locations":[{"start":{"line":316,"column":29},"end":{"line":316,"column":38}},{"start":{"line":316,"column":29},"end":{"line":316,"column":38}}]},"57":{"loc":{"start":{"line":319,"column":2},"end":{"line":321,"column":null}},"type":"if","locations":[{"start":{"line":319,"column":2},"end":{"line":321,"column":null}},{"start":{"line":319,"column":2},"end":{"line":321,"column":null}}]},"58":{"loc":{"start":{"line":326,"column":10},"end":{"line":326,"column":48}},"type":"binary-expr","locations":[{"start":{"line":326,"column":10},"end":{"line":326,"column":48}},{"start":{"line":326,"column":52},"end":{"line":326,"column":54}}]},"59":{"loc":{"start":{"line":347,"column":2},"end":{"line":352,"column":null}},"type":"if","locations":[{"start":{"line":347,"column":2},"end":{"line":352,"column":null}},{"start":{"line":347,"column":2},"end":{"line":352,"column":null}}]},"60":{"loc":{"start":{"line":370,"column":2},"end":{"line":373,"column":null}},"type":"if","locations":[{"start":{"line":370,"column":2},"end":{"line":373,"column":null}},{"start":{"line":370,"column":2},"end":{"line":373,"column":null}}]},"61":{"loc":{"start":{"line":379,"column":2},"end":{"line":381,"column":null}},"type":"if","locations":[{"start":{"line":379,"column":2},"end":{"line":381,"column":null}},{"start":{"line":379,"column":2},"end":{"line":381,"column":null}}]},"62":{"loc":{"start":{"line":396,"column":2},"end":{"line":416,"column":null}},"type":"if","locations":[{"start":{"line":396,"column":2},"end":{"line":416,"column":null}},{"start":{"line":396,"column":2},"end":{"line":416,"column":null}}]},"63":{"loc":{"start":{"line":407,"column":19},"end":{"line":407,"column":21}},"type":"cond-expr","locations":[{"start":{"line":407,"column":19},"end":{"line":407,"column":21}},{"start":{"line":407,"column":19},"end":{"line":409,"column":9}}]},"64":{"loc":{"start":{"line":407,"column":6},"end":{"line":407,"column":21}},"type":"binary-expr","locations":[{"start":{"line":407,"column":6},"end":{"line":407,"column":21}},{"start":{"line":407,"column":19},"end":{"line":407,"column":21}}]}},"s":{"0":3,"1":3,"2":3,"3":3,"4":3,"5":6,"6":6,"7":0,"8":6,"9":16,"10":7,"11":7,"12":9,"13":5,"14":9,"15":4,"16":6,"17":6,"18":6,"19":3,"20":5,"21":5,"22":1,"23":4,"24":4,"25":4,"26":4,"27":8,"28":3,"29":3,"30":5,"31":7,"32":5,"33":15,"34":5,"35":4,"36":3,"37":3,"38":8,"39":8,"40":8,"41":8,"42":5,"43":3,"44":3,"45":5,"46":4,"47":3,"48":8,"49":8,"50":15,"51":6,"52":15,"53":15,"54":15,"55":15,"56":9,"57":6,"58":6,"59":10,"60":10,"61":10,"62":10,"63":10,"64":2,"65":8,"66":3,"67":0,"68":0,"69":0,"70":0,"71":0,"72":0,"73":0,"74":3,"75":0,"76":0,"77":0,"78":0,"79":0,"80":0,"81":0,"82":0,"83":3,"84":0,"85":0,"86":3,"87":0,"88":0,"89":0,"90":0,"91":0,"92":0,"93":0,"94":0,"95":0,"96":0,"97":0,"98":0,"99":0,"100":0,"101":0,"102":0,"103":3,"104":0,"105":0,"106":0,"107":0,"108":0,"109":0,"110":0,"111":0,"112":0,"113":0,"114":0,"115":0,"116":0,"117":0,"118":0,"119":0,"120":0,"121":0,"122":0,"123":0,"124":3,"125":0,"126":0,"127":0,"128":0,"129":0,"130":0,"131":0,"132":0,"133":0,"134":0,"135":0,"136":0,"137":0,"138":0,"139":0,"140":0,"141":3,"142":0,"143":0,"144":0,"145":0,"146":0,"147":0,"148":0,"149":0,"150":0,"151":0,"152":3,"153":0,"154":0,"155":0,"156":0,"157":0,"158":0,"159":0,"160":0,"161":0,"162":0,"163":0,"164":0,"165":0,"166":0,"167":0,"168":0,"169":3,"170":0,"171":0,"172":0,"173":0,"174":0,"175":0,"176":0,"177":0,"178":0,"179":0,"180":0,"181":0,"182":0,"183":0,"184":0,"185":0},"f":{"0":6,"1":16,"2":5,"3":8,"4":7,"5":15,"6":8,"7":15,"8":0,"9":0,"10":0,"11":0,"12":0,"13":0,"14":0,"15":0,"16":0,"17":0,"18":0,"19":0,"20":0,"21":0,"22":0,"23":0,"24":0,"25":0,"26":0,"27":0,"28":0,"29":0,"30":0,"31":0,"32":0,"33":0,"34":0},"b":{"0":[0,6],"1":[7,9],"2":[16,11],"3":[5,4],"4":[5,4],"5":[4,5],"6":[1,4],"7":[3,5],"8":[5,4],"9":[0,15],"10":[15,15],"11":[5,3],"12":[3,2],"13":[5,5],"14":[3,1],"15":[5,3],"16":[8,8],"17":[5,3],"18":[6,9],"19":[15,6],"20":[15,9],"21":[9,6],"22":[10,0],"23":[2,8],"24":[0,0],"25":[0,0],"26":[0,0],"27":[0,0,0],"28":[0,0],"29":[0,0],"30":[0,0],"31":[0,0],"32":[0,0],"33":[0,0],"34":[0,0,0],"35":[0,0],"36":[0,0],"37":[0,0],"38":[0,0],"39":[0,0],"40":[0,0],"41":[0,0],"42":[0,0],"43":[0,0],"44":[0,0],"45":[0,0],"46":[0,0],"47":[0,0],"48":[0,0],"49":[0,0],"50":[0,0],"51":[0,0],"52":[0,0],"53":[0,0],"54":[0,0],"55":[0,0],"56":[0,0],"57":[0,0],"58":[0,0],"59":[0,0],"60":[0,0],"61":[0,0],"62":[0,0],"63":[0,0],"64":[0,0]}}
}
