TN:
SF:utils/thread-utils.ts
FN:14,(anonymous_4)
FN:28,(anonymous_5)
FN:54,(anonymous_6)
FN:76,(anonymous_7)
FN:84,(anonymous_8)
FN:87,(anonymous_9)
FN:119,(anonymous_10)
FN:128,(anonymous_11)
FN:134,(anonymous_12)
FN:142,(anonymous_13)
FN:146,(anonymous_14)
FN:152,(anonymous_15)
FN:154,(anonymous_16)
FN:158,(anonymous_17)
FN:174,(anonymous_18)
FN:186,(anonymous_19)
FN:187,(anonymous_20)
FN:203,(anonymous_21)
FN:219,(anonymous_22)
FN:221,(anonymous_23)
FN:226,(anonymous_24)
FN:241,(anonymous_25)
FN:254,(anonymous_26)
FN:277,(anonymous_27)
FN:291,(anonymous_28)
FN:297,(anonymous_29)
FN:315,(anonymous_30)
FN:321,(anonymous_31)
FN:338,(anonymous_32)
FN:339,(anonymous_33)
FN:349,(anonymous_34)
FN:364,(anonymous_35)
FN:368,(anonymous_36)
FNF:33
FNH:4
FNDA:0,(anonymous_4)
FNDA:0,(anonymous_5)
FNDA:5,(anonymous_6)
FNDA:8,(anonymous_7)
FNDA:7,(anonymous_8)
FNDA:15,(anonymous_9)
FNDA:0,(anonymous_10)
FNDA:0,(anonymous_11)
FNDA:0,(anonymous_12)
FNDA:0,(anonymous_13)
FNDA:0,(anonymous_14)
FNDA:0,(anonymous_15)
FNDA:0,(anonymous_16)
FNDA:0,(anonymous_17)
FNDA:0,(anonymous_18)
FNDA:0,(anonymous_19)
FNDA:0,(anonymous_20)
FNDA:0,(anonymous_21)
FNDA:0,(anonymous_22)
FNDA:0,(anonymous_23)
FNDA:0,(anonymous_24)
FNDA:0,(anonymous_25)
FNDA:0,(anonymous_26)
FNDA:0,(anonymous_27)
FNDA:0,(anonymous_28)
FNDA:0,(anonymous_29)
FNDA:0,(anonymous_30)
FNDA:0,(anonymous_31)
FNDA:0,(anonymous_32)
FNDA:0,(anonymous_33)
FNDA:0,(anonymous_34)
FNDA:0,(anonymous_35)
FNDA:0,(anonymous_36)
DA:1,1
DA:2,1
DA:10,1
DA:12,1
DA:14,1
DA:19,0
DA:20,0
DA:25,0
DA:26,0
DA:28,0
DA:29,0
DA:30,0
DA:31,0
DA:33,0
DA:34,0
DA:40,0
DA:41,0
DA:45,0
DA:46,0
DA:47,0
DA:54,1
DA:62,5
DA:63,5
DA:64,1
DA:70,4
DA:71,4
DA:72,4
DA:76,4
DA:77,8
DA:78,3
DA:79,3
DA:83,5
DA:84,7
DA:87,15
DA:89,5
DA:100,4
DA:101,3
DA:102,3
DA:103,8
DA:104,8
DA:106,8
DA:107,8
DA:108,5
DA:110,3
DA:111,5
DA:116,4
DA:119,1
DA:123,0
DA:124,0
DA:125,0
DA:126,0
DA:127,0
DA:128,0
DA:131,0
DA:134,1
DA:138,0
DA:139,0
DA:140,0
DA:141,0
DA:142,0
DA:145,0
DA:146,0
DA:149,0
DA:152,1
DA:153,0
DA:154,0
DA:158,1
DA:166,0
DA:167,0
DA:168,0
DA:173,0
DA:174,0
DA:176,0
DA:177,0
DA:180,0
DA:181,0
DA:182,0
DA:186,0
DA:187,0
DA:188,0
DA:190,0
DA:191,0
DA:197,0
DA:203,1
DA:212,0
DA:213,0
DA:215,0
DA:216,0
DA:218,0
DA:220,0
DA:221,0
DA:225,0
DA:226,0
DA:228,0
DA:229,0
DA:230,0
DA:237,0
DA:238,0
DA:240,0
DA:241,0
DA:242,0
DA:248,0
DA:250,0
DA:251,0
DA:254,1
DA:255,0
DA:256,0
DA:257,0
DA:266,0
DA:270,0
DA:271,0
DA:274,0
DA:276,0
DA:277,0
DA:279,0
DA:280,0
DA:281,0
DA:283,0
DA:291,0
DA:294,0
DA:297,1
DA:298,0
DA:299,0
DA:304,0
DA:308,0
DA:309,0
DA:312,0
DA:314,0
DA:315,0
DA:318,0
DA:321,1
DA:322,0
DA:323,0
DA:330,0
DA:331,0
DA:332,0
DA:333,0
DA:335,0
DA:336,0
DA:337,0
DA:338,0
DA:339,0
DA:340,0
DA:341,0
DA:344,0
DA:345,0
DA:346,0
DA:349,1
DA:350,0
DA:351,0
DA:356,0
DA:357,0
DA:358,0
DA:359,0
DA:360,0
DA:361,0
DA:362,0
DA:364,0
DA:365,0
DA:366,0
DA:367,0
DA:368,0
DA:369,0
DA:373,0
LF:164
LH:40
BRDA:25,0,0,0
BRDA:25,0,1,0
BRDA:29,1,0,0
BRDA:29,1,1,0
BRDA:29,2,0,0
BRDA:29,2,1,0
BRDA:33,3,0,0
BRDA:33,3,1,0
BRDA:35,4,0,0
BRDA:35,4,1,0
BRDA:40,5,0,0
BRDA:40,5,1,0
BRDA:63,6,0,1
BRDA:63,6,1,4
BRDA:77,7,0,3
BRDA:77,7,1,5
BRDA:87,8,0,5
BRDA:87,8,1,4
BRDA:87,9,0,0
BRDA:87,9,1,15
BRDA:87,10,0,15
BRDA:87,10,1,15
BRDA:93,11,0,5
BRDA:93,11,1,3
BRDA:93,12,0,3
BRDA:93,12,1,2
BRDA:93,13,0,5
BRDA:93,13,1,5
BRDA:100,14,0,3
BRDA:100,14,1,1
BRDA:106,15,0,5
BRDA:106,15,1,3
BRDA:106,16,0,8
BRDA:106,16,1,8
BRDA:107,17,0,5
BRDA:107,17,1,3
BRDA:124,18,0,0
BRDA:124,18,1,0
BRDA:124,19,0,0
BRDA:124,19,1,0
BRDA:125,20,0,0
BRDA:125,20,1,0
BRDA:128,21,0,0
BRDA:128,21,1,0
BRDA:128,21,2,0
BRDA:128,22,0,0
BRDA:128,22,1,0
BRDA:128,23,0,0
BRDA:128,23,1,0
BRDA:139,24,0,0
BRDA:139,24,1,0
BRDA:139,25,0,0
BRDA:139,25,1,0
BRDA:140,26,0,0
BRDA:140,26,1,0
BRDA:142,27,0,0
BRDA:142,27,1,0
BRDA:146,28,0,0
BRDA:146,28,1,0
BRDA:146,28,2,0
BRDA:146,29,0,0
BRDA:146,29,1,0
BRDA:146,30,0,0
BRDA:146,30,1,0
BRDA:154,31,0,0
BRDA:154,31,1,0
BRDA:154,32,0,0
BRDA:154,32,1,0
BRDA:167,33,0,0
BRDA:167,33,1,0
BRDA:187,34,0,0
BRDA:187,34,1,0
BRDA:187,35,0,0
BRDA:187,35,1,0
BRDA:190,36,0,0
BRDA:190,36,1,0
BRDA:190,37,0,0
BRDA:190,37,1,0
BRDA:212,38,0,0
BRDA:212,38,1,0
BRDA:215,39,0,0
BRDA:215,39,1,0
BRDA:215,40,0,0
BRDA:215,40,1,0
BRDA:216,41,0,0
BRDA:216,41,1,0
BRDA:218,42,0,0
BRDA:218,42,1,0
BRDA:225,43,0,0
BRDA:225,43,1,0
BRDA:228,44,0,0
BRDA:228,44,1,0
BRDA:233,45,0,0
BRDA:233,45,1,0
BRDA:234,46,0,0
BRDA:234,46,1,0
BRDA:248,47,0,0
BRDA:248,47,1,0
BRDA:270,48,0,0
BRDA:270,48,1,0
BRDA:277,49,0,0
BRDA:277,49,1,0
BRDA:277,50,0,0
BRDA:277,50,1,0
BRDA:280,51,0,0
BRDA:280,51,1,0
BRDA:287,52,0,0
BRDA:287,52,1,0
BRDA:308,53,0,0
BRDA:308,53,1,0
BRDA:331,54,0,0
BRDA:331,54,1,0
BRDA:340,55,0,0
BRDA:340,55,1,0
BRDA:357,56,0,0
BRDA:357,56,1,0
BRDA:368,57,0,0
BRDA:368,57,1,0
BRDA:368,58,0,0
BRDA:368,58,1,0
BRF:120
BRH:23
end_of_record
