TN:
SF:utils/thread-utils.ts
FN:14,(anonymous_4)
FN:32,(anonymous_5)
FN:58,(anonymous_6)
FN:80,(anonymous_7)
FN:88,(anonymous_8)
FN:91,(anonymous_9)
FN:123,(anonymous_10)
FN:132,(anonymous_11)
FN:138,(anonymous_12)
FN:146,(anonymous_13)
FN:150,(anonymous_14)
FN:156,(anonymous_15)
FN:158,(anonymous_16)
FN:162,(anonymous_17)
FN:175,(anonymous_18)
FN:184,(anonymous_19)
FN:185,(anonymous_20)
FN:202,(anonymous_21)
FN:218,(anonymous_22)
FN:220,(anonymous_23)
FN:225,(anonymous_24)
FN:240,(anonymous_25)
FN:253,(anonymous_26)
FN:276,(anonymous_27)
FN:290,(anonymous_28)
FN:296,(anonymous_29)
FN:314,(anonymous_30)
FN:320,(anonymous_31)
FN:337,(anonymous_32)
FN:338,(anonymous_33)
FN:348,(anonymous_34)
FN:363,(anonymous_35)
FN:367,(anonymous_36)
FNF:33
FNH:6
FNDA:6,(anonymous_4)
FNDA:16,(anonymous_5)
FNDA:5,(anonymous_6)
FNDA:8,(anonymous_7)
FNDA:7,(anonymous_8)
FNDA:15,(anonymous_9)
FNDA:0,(anonymous_10)
FNDA:0,(anonymous_11)
FNDA:0,(anonymous_12)
FNDA:0,(anonymous_13)
FNDA:0,(anonymous_14)
FNDA:0,(anonymous_15)
FNDA:0,(anonymous_16)
FNDA:0,(anonymous_17)
FNDA:0,(anonymous_18)
FNDA:0,(anonymous_19)
FNDA:0,(anonymous_20)
FNDA:0,(anonymous_21)
FNDA:0,(anonymous_22)
FNDA:0,(anonymous_23)
FNDA:0,(anonymous_24)
FNDA:0,(anonymous_25)
FNDA:0,(anonymous_26)
FNDA:0,(anonymous_27)
FNDA:0,(anonymous_28)
FNDA:0,(anonymous_29)
FNDA:0,(anonymous_30)
FNDA:0,(anonymous_31)
FNDA:0,(anonymous_32)
FNDA:0,(anonymous_33)
FNDA:0,(anonymous_34)
FNDA:0,(anonymous_35)
FNDA:0,(anonymous_36)
DA:1,2
DA:2,2
DA:10,2
DA:12,2
DA:14,2
DA:23,6
DA:24,6
DA:29,6
DA:30,0
DA:32,6
DA:33,16
DA:34,7
DA:35,7
DA:37,9
DA:38,5
DA:44,9
DA:45,4
DA:49,6
DA:50,6
DA:51,6
DA:58,2
DA:66,5
DA:67,5
DA:68,1
DA:74,4
DA:75,4
DA:76,4
DA:80,4
DA:81,8
DA:82,3
DA:83,3
DA:87,5
DA:88,7
DA:91,15
DA:93,5
DA:104,4
DA:105,3
DA:106,3
DA:107,8
DA:108,8
DA:110,8
DA:111,8
DA:112,5
DA:114,3
DA:115,5
DA:120,4
DA:123,2
DA:127,0
DA:128,0
DA:129,0
DA:130,0
DA:131,0
DA:132,0
DA:135,0
DA:138,2
DA:142,0
DA:143,0
DA:144,0
DA:145,0
DA:146,0
DA:149,0
DA:150,0
DA:153,0
DA:156,2
DA:157,0
DA:158,0
DA:162,2
DA:167,0
DA:168,0
DA:169,0
DA:174,0
DA:175,0
DA:177,0
DA:178,0
DA:181,0
DA:182,0
DA:183,0
DA:184,0
DA:185,0
DA:186,0
DA:188,0
DA:189,0
DA:196,0
DA:202,2
DA:211,0
DA:212,0
DA:214,0
DA:215,0
DA:217,0
DA:219,0
DA:220,0
DA:224,0
DA:225,0
DA:227,0
DA:228,0
DA:229,0
DA:236,0
DA:237,0
DA:239,0
DA:240,0
DA:241,0
DA:247,0
DA:249,0
DA:250,0
DA:253,2
DA:254,0
DA:255,0
DA:256,0
DA:265,0
DA:269,0
DA:270,0
DA:273,0
DA:275,0
DA:276,0
DA:278,0
DA:279,0
DA:280,0
DA:282,0
DA:290,0
DA:293,0
DA:296,2
DA:297,0
DA:298,0
DA:303,0
DA:307,0
DA:308,0
DA:311,0
DA:313,0
DA:314,0
DA:317,0
DA:320,2
DA:321,0
DA:322,0
DA:329,0
DA:330,0
DA:331,0
DA:332,0
DA:334,0
DA:335,0
DA:336,0
DA:337,0
DA:338,0
DA:339,0
DA:340,0
DA:343,0
DA:344,0
DA:345,0
DA:348,2
DA:349,0
DA:350,0
DA:355,0
DA:356,0
DA:357,0
DA:358,0
DA:359,0
DA:360,0
DA:361,0
DA:363,0
DA:364,0
DA:365,0
DA:366,0
DA:367,0
DA:368,0
DA:372,0
LF:164
LH:54
BRDA:29,0,0,0
BRDA:29,0,1,6
BRDA:33,1,0,7
BRDA:33,1,1,9
BRDA:33,2,0,16
BRDA:33,2,1,11
BRDA:37,3,0,5
BRDA:37,3,1,4
BRDA:39,4,0,5
BRDA:39,4,1,4
BRDA:44,5,0,4
BRDA:44,5,1,5
BRDA:67,6,0,1
BRDA:67,6,1,4
BRDA:81,7,0,3
BRDA:81,7,1,5
BRDA:91,8,0,5
BRDA:91,8,1,4
BRDA:91,9,0,0
BRDA:91,9,1,15
BRDA:91,10,0,15
BRDA:91,10,1,15
BRDA:97,11,0,5
BRDA:97,11,1,3
BRDA:97,12,0,3
BRDA:97,12,1,2
BRDA:97,13,0,5
BRDA:97,13,1,5
BRDA:104,14,0,3
BRDA:104,14,1,1
BRDA:110,15,0,5
BRDA:110,15,1,3
BRDA:110,16,0,8
BRDA:110,16,1,8
BRDA:111,17,0,5
BRDA:111,17,1,3
BRDA:128,18,0,0
BRDA:128,18,1,0
BRDA:128,19,0,0
BRDA:128,19,1,0
BRDA:129,20,0,0
BRDA:129,20,1,0
BRDA:132,21,0,0
BRDA:132,21,1,0
BRDA:132,21,2,0
BRDA:132,22,0,0
BRDA:132,22,1,0
BRDA:132,23,0,0
BRDA:132,23,1,0
BRDA:143,24,0,0
BRDA:143,24,1,0
BRDA:143,25,0,0
BRDA:143,25,1,0
BRDA:144,26,0,0
BRDA:144,26,1,0
BRDA:146,27,0,0
BRDA:146,27,1,0
BRDA:150,28,0,0
BRDA:150,28,1,0
BRDA:150,28,2,0
BRDA:150,29,0,0
BRDA:150,29,1,0
BRDA:150,30,0,0
BRDA:150,30,1,0
BRDA:158,31,0,0
BRDA:158,31,1,0
BRDA:158,32,0,0
BRDA:158,32,1,0
BRDA:168,33,0,0
BRDA:168,33,1,0
BRDA:185,34,0,0
BRDA:185,34,1,0
BRDA:185,35,0,0
BRDA:185,35,1,0
BRDA:188,36,0,0
BRDA:188,36,1,0
BRDA:188,37,0,0
BRDA:188,37,1,0
BRDA:211,38,0,0
BRDA:211,38,1,0
BRDA:214,39,0,0
BRDA:214,39,1,0
BRDA:214,40,0,0
BRDA:214,40,1,0
BRDA:215,41,0,0
BRDA:215,41,1,0
BRDA:217,42,0,0
BRDA:217,42,1,0
BRDA:224,43,0,0
BRDA:224,43,1,0
BRDA:227,44,0,0
BRDA:227,44,1,0
BRDA:232,45,0,0
BRDA:232,45,1,0
BRDA:233,46,0,0
BRDA:233,46,1,0
BRDA:247,47,0,0
BRDA:247,47,1,0
BRDA:269,48,0,0
BRDA:269,48,1,0
BRDA:276,49,0,0
BRDA:276,49,1,0
BRDA:276,50,0,0
BRDA:276,50,1,0
BRDA:279,51,0,0
BRDA:279,51,1,0
BRDA:286,52,0,0
BRDA:286,52,1,0
BRDA:307,53,0,0
BRDA:307,53,1,0
BRDA:330,54,0,0
BRDA:330,54,1,0
BRDA:339,55,0,0
BRDA:339,55,1,0
BRDA:356,56,0,0
BRDA:356,56,1,0
BRDA:367,57,0,0
BRDA:367,57,1,0
BRDA:367,58,0,0
BRDA:367,58,1,0
BRF:120
BRH:34
end_of_record
